[2024-11-11T16:13:07.961+0000] {local_task_job_runner.py:123} INFO - ::group::Pre task execution logs
[2024-11-11T16:13:07.995+0000] {taskinstance.py:2612} INFO - Dependencies all met for dep_context=non-requeueable deps ti=<TaskInstance: fetch_and_store_amazon_books.insert_book_data manual__2024-11-11T16:12:54.058865+00:00 [queued]>
[2024-11-11T16:13:08.013+0000] {taskinstance.py:2612} INFO - Dependencies all met for dep_context=requeueable deps ti=<TaskInstance: fetch_and_store_amazon_books.insert_book_data manual__2024-11-11T16:12:54.058865+00:00 [queued]>
[2024-11-11T16:13:08.015+0000] {taskinstance.py:2865} INFO - Starting attempt 1 of 2
[2024-11-11T16:13:08.047+0000] {taskinstance.py:2888} INFO - Executing <Task(PythonOperator): insert_book_data> on 2024-11-11 16:12:54.058865+00:00
[2024-11-11T16:13:08.064+0000] {standard_task_runner.py:104} INFO - Running: ['***', 'tasks', 'run', 'fetch_and_store_amazon_books', 'insert_book_data', 'manual__2024-11-11T16:12:54.058865+00:00', '--job-id', '18', '--raw', '--subdir', 'DAGS_FOLDER/dag.py', '--cfg-path', '/tmp/tmpuuvl7k7s']
[2024-11-11T16:13:08.061+0000] {warnings.py:112} WARNING - /home/***/.local/lib/python3.12/site-packages/***/task/task_runner/standard_task_runner.py:70: DeprecationWarning: This process (pid=666) is multi-threaded, use of fork() may lead to deadlocks in the child.
  pid = os.fork()

[2024-11-11T16:13:08.066+0000] {standard_task_runner.py:105} INFO - Job 18: Subtask insert_book_data
[2024-11-11T16:13:08.067+0000] {standard_task_runner.py:72} INFO - Started process 668 to run task
[2024-11-11T16:13:08.166+0000] {task_command.py:467} INFO - Running <TaskInstance: fetch_and_store_amazon_books.insert_book_data manual__2024-11-11T16:12:54.058865+00:00 [running]> on host 827d93f9030f
[2024-11-11T16:13:08.411+0000] {taskinstance.py:3131} INFO - Exporting env vars: AIRFLOW_CTX_DAG_OWNER='***' AIRFLOW_CTX_DAG_ID='fetch_and_store_amazon_books' AIRFLOW_CTX_TASK_ID='insert_book_data' AIRFLOW_CTX_EXECUTION_DATE='2024-11-11T16:12:54.058865+00:00' AIRFLOW_CTX_TRY_NUMBER='1' AIRFLOW_CTX_DAG_RUN_ID='manual__2024-11-11T16:12:54.058865+00:00'
[2024-11-11T16:13:08.415+0000] {logging_mixin.py:190} INFO - Task instance is in running state
[2024-11-11T16:13:08.417+0000] {logging_mixin.py:190} INFO -  Previous state of the Task instance: queued
[2024-11-11T16:13:08.418+0000] {logging_mixin.py:190} INFO - Current task name:insert_book_data state:running start_date:2024-11-11 16:13:07.997453+00:00
[2024-11-11T16:13:08.420+0000] {logging_mixin.py:190} INFO - Dag name:fetch_and_store_amazon_books and current dag run status:running
[2024-11-11T16:13:08.421+0000] {taskinstance.py:731} INFO - ::endgroup::
[2024-11-11T16:13:08.478+0000] {base.py:84} INFO - Retrieving connection 'books_connection'
[2024-11-11T16:13:08.487+0000] {sql.py:509} INFO - Running statement: 
    INSERT INTO books (title, authors, price, rating)
    VALUES (%s, %s, %s, %s)
    , parameters: ('Data Engineering with AWS - Second Edition: Acquire the skills to design and build AWS-based data transformation pipelines like a pro', 'Gareth Eagar', '41.', '4.3 out of 5 stars')
[2024-11-11T16:13:08.491+0000] {sql.py:518} INFO - Rows affected: 1
[2024-11-11T16:13:08.509+0000] {base.py:84} INFO - Retrieving connection 'books_connection'
[2024-11-11T16:13:08.519+0000] {sql.py:509} INFO - Running statement: 
    INSERT INTO books (title, authors, price, rating)
    VALUES (%s, %s, %s, %s)
    , parameters: ('Next Generation Data Management: Using Your Data Assets to Drive Mission Success', 'Dr Mark Brady', '38.', '4.4 out of 5 stars')
[2024-11-11T16:13:08.522+0000] {sql.py:518} INFO - Rows affected: 1
[2024-11-11T16:13:08.540+0000] {base.py:84} INFO - Retrieving connection 'books_connection'
[2024-11-11T16:13:08.550+0000] {sql.py:509} INFO - Running statement: 
    INSERT INTO books (title, authors, price, rating)
    VALUES (%s, %s, %s, %s)
    , parameters: ('Data Engineering 101', 'Paperback', '22.', '3.9 out of 5 stars')
[2024-11-11T16:13:08.554+0000] {sql.py:518} INFO - Rows affected: 1
[2024-11-11T16:13:08.574+0000] {base.py:84} INFO - Retrieving connection 'books_connection'
[2024-11-11T16:13:08.583+0000] {sql.py:509} INFO - Running statement: 
    INSERT INTO books (title, authors, price, rating)
    VALUES (%s, %s, %s, %s)
    , parameters: ('Azure Data Engineer Associate Certification Guide: Ace the DP-203 exam with advanced data engineering skills', 'Giacinto Palmieri', '37.', '4.3 out of 5 stars')
[2024-11-11T16:13:08.587+0000] {sql.py:518} INFO - Rows affected: 1
[2024-11-11T16:13:08.604+0000] {base.py:84} INFO - Retrieving connection 'books_connection'
[2024-11-11T16:13:08.613+0000] {sql.py:509} INFO - Running statement: 
    INSERT INTO books (title, authors, price, rating)
    VALUES (%s, %s, %s, %s)
    , parameters: ('Fundamentals of Data Engineering: Plan and Build Robust Data Systems', 'Joe Reis', '43.', '4.7 out of 5 stars')
[2024-11-11T16:13:08.618+0000] {sql.py:518} INFO - Rows affected: 1
[2024-11-11T16:13:08.640+0000] {base.py:84} INFO - Retrieving connection 'books_connection'
[2024-11-11T16:13:08.647+0000] {sql.py:509} INFO - Running statement: 
    INSERT INTO books (title, authors, price, rating)
    VALUES (%s, %s, %s, %s)
    , parameters: ('Data Engineering Best Practices: Architect robust and cost-effective data solutions in the cloud era', 'Richard J. Schiller', '49.', '5.0 out of 5 stars')
[2024-11-11T16:13:08.650+0000] {sql.py:518} INFO - Rows affected: 1
[2024-11-11T16:13:08.668+0000] {base.py:84} INFO - Retrieving connection 'books_connection'
[2024-11-11T16:13:08.677+0000] {sql.py:509} INFO - Running statement: 
    INSERT INTO books (title, authors, price, rating)
    VALUES (%s, %s, %s, %s)
    , parameters: ('Designing Data-Intensive Applications: The Big Ideas Behind Reliable, Scalable, and Maintainable Systems', 'Martin Kleppmann', '46.', '4.7 out of 5 stars')
[2024-11-11T16:13:08.681+0000] {sql.py:518} INFO - Rows affected: 1
[2024-11-11T16:13:08.703+0000] {base.py:84} INFO - Retrieving connection 'books_connection'
[2024-11-11T16:13:08.709+0000] {sql.py:509} INFO - Running statement: 
    INSERT INTO books (title, authors, price, rating)
    VALUES (%s, %s, %s, %s)
    , parameters: ('Data Engineering with dbt: A practical guide to building a cloud-based, pragmatic, and dependable data platform with SQL', 'Roberto Zagni', '37.', '4.6 out of 5 stars')
[2024-11-11T16:13:08.712+0000] {sql.py:518} INFO - Rows affected: 1
[2024-11-11T16:13:08.726+0000] {base.py:84} INFO - Retrieving connection 'books_connection'
[2024-11-11T16:13:08.732+0000] {sql.py:509} INFO - Running statement: 
    INSERT INTO books (title, authors, price, rating)
    VALUES (%s, %s, %s, %s)
    , parameters: ('Data Modeling with Snowflake: A practical guide to accelerating Snowflake development using universal data modeling techniques', 'Serge Gershkovich', '36.', '4.8 out of 5 stars')
[2024-11-11T16:13:08.734+0000] {sql.py:518} INFO - Rows affected: 1
[2024-11-11T16:13:08.749+0000] {base.py:84} INFO - Retrieving connection 'books_connection'
[2024-11-11T16:13:08.755+0000] {sql.py:509} INFO - Running statement: 
    INSERT INTO books (title, authors, price, rating)
    VALUES (%s, %s, %s, %s)
    , parameters: ('Fundamentals of Data Analytics: Learn Essential Skills, Embrace the Future, and Catapult Your Career in the Data-Driven World—A Comprehensive Guide to Data Literacy for Beginners', 'Russell Dawson', '17.', '4.7 out of 5 stars')
[2024-11-11T16:13:08.758+0000] {sql.py:518} INFO - Rows affected: 1
[2024-11-11T16:13:08.772+0000] {base.py:84} INFO - Retrieving connection 'books_connection'
[2024-11-11T16:13:08.778+0000] {sql.py:509} INFO - Running statement: 
    INSERT INTO books (title, authors, price, rating)
    VALUES (%s, %s, %s, %s)
    , parameters: ('Data Engineering with Python: Work with massive datasets to design data models and automate data pipelines using Python', 'Paul Crickard', '37.', '4.1 out of 5 stars')
[2024-11-11T16:13:08.781+0000] {sql.py:518} INFO - Rows affected: 1
[2024-11-11T16:13:08.798+0000] {base.py:84} INFO - Retrieving connection 'books_connection'
[2024-11-11T16:13:08.805+0000] {sql.py:509} INFO - Running statement: 
    INSERT INTO books (title, authors, price, rating)
    VALUES (%s, %s, %s, %s)
    , parameters: ('Data Pipelines Pocket Reference: Moving and Processing Data for Analytics', 'James Densmore', '17.', '4.5 out of 5 stars')
[2024-11-11T16:13:08.808+0000] {sql.py:518} INFO - Rows affected: 1
[2024-11-11T16:13:08.830+0000] {base.py:84} INFO - Retrieving connection 'books_connection'
[2024-11-11T16:13:08.837+0000] {sql.py:509} INFO - Running statement: 
    INSERT INTO books (title, authors, price, rating)
    VALUES (%s, %s, %s, %s)
    , parameters: ('Data Engineering with Databricks Cookbook: Build effective data and AI solutions using Apache Spark, Databricks, and Delta Lake', 'Pulkit Chadha', '37.', '4.4 out of 5 stars')
[2024-11-11T16:13:08.840+0000] {sql.py:518} INFO - Rows affected: 1
[2024-11-11T16:13:08.859+0000] {base.py:84} INFO - Retrieving connection 'books_connection'
[2024-11-11T16:13:08.866+0000] {sql.py:509} INFO - Running statement: 
    INSERT INTO books (title, authors, price, rating)
    VALUES (%s, %s, %s, %s)
    , parameters: ('Cracking the Data Engineering Interview: Land your dream job with the help of resume-building tips, over 100 mock questions, and a unique portfolio', 'Kedeisha Bryan', '26.', '4.4 out of 5 stars')
[2024-11-11T16:13:08.869+0000] {sql.py:518} INFO - Rows affected: 1
[2024-11-11T16:13:08.887+0000] {base.py:84} INFO - Retrieving connection 'books_connection'
[2024-11-11T16:13:08.894+0000] {sql.py:509} INFO - Running statement: 
    INSERT INTO books (title, authors, price, rating)
    VALUES (%s, %s, %s, %s)
    , parameters: ('Ace the Data Engineering Interview: Questions and Answers for Python, SQL, Data Modeling and More', 'Sean Coyne', '24.', '3.8 out of 5 stars')
[2024-11-11T16:13:08.898+0000] {sql.py:518} INFO - Rows affected: 1
[2024-11-11T16:13:08.914+0000] {base.py:84} INFO - Retrieving connection 'books_connection'
[2024-11-11T16:13:08.921+0000] {sql.py:509} INFO - Running statement: 
    INSERT INTO books (title, authors, price, rating)
    VALUES (%s, %s, %s, %s)
    , parameters: ('Data Engineering with Apache Spark, Delta Lake, and Lakehouse: Create scalable pipelines that ingest, curate, and aggregate complex data in a timely and secure way', 'Manoj Kukreja', '46.', '3.9 out of 5 stars')
[2024-11-11T16:13:08.926+0000] {sql.py:518} INFO - Rows affected: 1
[2024-11-11T16:13:08.943+0000] {base.py:84} INFO - Retrieving connection 'books_connection'
[2024-11-11T16:13:08.950+0000] {sql.py:509} INFO - Running statement: 
    INSERT INTO books (title, authors, price, rating)
    VALUES (%s, %s, %s, %s)
    , parameters: ('Data Engineering with AWS: Learn how to design and build cloud-based data transformation pipelines using AWS', 'Gareth Eagar', '49.', '4.4 out of 5 stars')
[2024-11-11T16:13:08.953+0000] {sql.py:518} INFO - Rows affected: 1
[2024-11-11T16:13:08.967+0000] {base.py:84} INFO - Retrieving connection 'books_connection'
[2024-11-11T16:13:08.974+0000] {sql.py:509} INFO - Running statement: 
    INSERT INTO books (title, authors, price, rating)
    VALUES (%s, %s, %s, %s)
    , parameters: ('Essentials of Data Engineering', 'Dr. Mukesh Saini', '19.', '5.0 out of 5 stars')
[2024-11-11T16:13:08.977+0000] {sql.py:518} INFO - Rows affected: 1
[2024-11-11T16:13:08.991+0000] {base.py:84} INFO - Retrieving connection 'books_connection'
[2024-11-11T16:13:08.996+0000] {sql.py:509} INFO - Running statement: 
    INSERT INTO books (title, authors, price, rating)
    VALUES (%s, %s, %s, %s)
    , parameters: ('Software Engineering for Data Scientists: From Notebooks to Scalable Systems', 'Catherine Nelson', '45.', '4.2 out of 5 stars')
[2024-11-11T16:13:08.999+0000] {sql.py:518} INFO - Rows affected: 1
[2024-11-11T16:13:09.017+0000] {base.py:84} INFO - Retrieving connection 'books_connection'
[2024-11-11T16:13:09.025+0000] {sql.py:509} INFO - Running statement: 
    INSERT INTO books (title, authors, price, rating)
    VALUES (%s, %s, %s, %s)
    , parameters: ('Data Engineering with AWS: Building Scalable Data Pipelines in the Cloud', 'May Sherry', '14.', '4.2 out of 5 stars')
[2024-11-11T16:13:09.028+0000] {sql.py:518} INFO - Rows affected: 1
[2024-11-11T16:13:09.046+0000] {base.py:84} INFO - Retrieving connection 'books_connection'
[2024-11-11T16:13:09.055+0000] {sql.py:509} INFO - Running statement: 
    INSERT INTO books (title, authors, price, rating)
    VALUES (%s, %s, %s, %s)
    , parameters: ('Microsoft Azure Data Engineering: A Microsoft Azure Cloud Data Engineering, Data Integration and Data Warehousing reference guide (The Data Engineering Series)', 'Kindle Edition', '0.', '4.2 out of 5 stars')
[2024-11-11T16:13:09.057+0000] {sql.py:518} INFO - Rows affected: 1
[2024-11-11T16:13:09.072+0000] {base.py:84} INFO - Retrieving connection 'books_connection'
[2024-11-11T16:13:09.078+0000] {sql.py:509} INFO - Running statement: 
    INSERT INTO books (title, authors, price, rating)
    VALUES (%s, %s, %s, %s)
    , parameters: ('Data Privacy: A runbook for engineers', 'Nishant Bhajaria', '35.', '4.8 out of 5 stars')
[2024-11-11T16:13:09.081+0000] {sql.py:518} INFO - Rows affected: 1
[2024-11-11T16:13:09.094+0000] {base.py:84} INFO - Retrieving connection 'books_connection'
[2024-11-11T16:13:09.101+0000] {sql.py:509} INFO - Running statement: 
    INSERT INTO books (title, authors, price, rating)
    VALUES (%s, %s, %s, %s)
    , parameters: ('Python Data Engineering Resources: Forge Your Path to Success in Data Engineering, Machine Learning and AI', 'Vajo Lukic', '12.', '4.9 out of 5 stars')
[2024-11-11T16:13:09.104+0000] {sql.py:518} INFO - Rows affected: 1
[2024-11-11T16:13:09.120+0000] {base.py:84} INFO - Retrieving connection 'books_connection'
[2024-11-11T16:13:09.125+0000] {sql.py:509} INFO - Running statement: 
    INSERT INTO books (title, authors, price, rating)
    VALUES (%s, %s, %s, %s)
    , parameters: ('Data Engineering with Python cookbook: Learn to build efficient data pipelines using the Modern Cloud Data Stack', 'Adithyan Ramanujakootam', '32.', '5.0 out of 5 stars')
[2024-11-11T16:13:09.128+0000] {sql.py:518} INFO - Rows affected: 1
[2024-11-11T16:13:09.141+0000] {base.py:84} INFO - Retrieving connection 'books_connection'
[2024-11-11T16:13:09.148+0000] {sql.py:509} INFO - Running statement: 
    INSERT INTO books (title, authors, price, rating)
    VALUES (%s, %s, %s, %s)
    , parameters: ('Data Engineering with Google Cloud Platform: A practical guide to operationalizing scalable data analytics systems on GCP', 'Adi Wijaya', '39.', '4.7 out of 5 stars')
[2024-11-11T16:13:09.150+0000] {sql.py:518} INFO - Rows affected: 1
[2024-11-11T16:13:09.165+0000] {base.py:84} INFO - Retrieving connection 'books_connection'
[2024-11-11T16:13:09.170+0000] {sql.py:509} INFO - Running statement: 
    INSERT INTO books (title, authors, price, rating)
    VALUES (%s, %s, %s, %s)
    , parameters: ('Data Engineering with Google Cloud Platform: A guide to leveling up as a data engineer by building a scalable data platform with Google Cloud', 'Adi Wijaya', '40.', '4.8 out of 5 stars')
[2024-11-11T16:13:09.172+0000] {sql.py:518} INFO - Rows affected: 1
[2024-11-11T16:13:09.186+0000] {base.py:84} INFO - Retrieving connection 'books_connection'
[2024-11-11T16:13:09.191+0000] {sql.py:509} INFO - Running statement: 
    INSERT INTO books (title, authors, price, rating)
    VALUES (%s, %s, %s, %s)
    , parameters: ('Data-Driven Science and Engineering: Machine Learning, Dynamical Systems, and Control', 'Steven L. Brunton', '61.', '4.7 out of 5 stars')
[2024-11-11T16:13:09.193+0000] {sql.py:518} INFO - Rows affected: 1
[2024-11-11T16:13:09.206+0000] {base.py:84} INFO - Retrieving connection 'books_connection'
[2024-11-11T16:13:09.212+0000] {sql.py:509} INFO - Running statement: 
    INSERT INTO books (title, authors, price, rating)
    VALUES (%s, %s, %s, %s)
    , parameters: ('Data Engineering with AWS', 'May Sherry', '14.', '5.0 out of 5 stars')
[2024-11-11T16:13:09.215+0000] {sql.py:518} INFO - Rows affected: 1
[2024-11-11T16:13:09.227+0000] {base.py:84} INFO - Retrieving connection 'books_connection'
[2024-11-11T16:13:09.234+0000] {sql.py:509} INFO - Running statement: 
    INSERT INTO books (title, authors, price, rating)
    VALUES (%s, %s, %s, %s)
    , parameters: ("Engineering Data Mesh in Azure Cloud: Implement data mesh using Microsoft Azure's Cloud Adoption Framework", 'Paperback', '47.', '4.5 out of 5 stars')
[2024-11-11T16:13:09.236+0000] {sql.py:518} INFO - Rows affected: 1
[2024-11-11T16:13:09.250+0000] {base.py:84} INFO - Retrieving connection 'books_connection'
[2024-11-11T16:13:09.255+0000] {sql.py:509} INFO - Running statement: 
    INSERT INTO books (title, authors, price, rating)
    VALUES (%s, %s, %s, %s)
    , parameters: ("Azure Data Factory Cookbook: A data engineer's guide to building and managing ETL and ELT pipelines with data integration", 'Dmitry Foshin', '51.', '4.1 out of 5 stars')
[2024-11-11T16:13:09.257+0000] {sql.py:518} INFO - Rows affected: 1
[2024-11-11T16:13:09.270+0000] {base.py:84} INFO - Retrieving connection 'books_connection'
[2024-11-11T16:13:09.276+0000] {sql.py:509} INFO - Running statement: 
    INSERT INTO books (title, authors, price, rating)
    VALUES (%s, %s, %s, %s)
    , parameters: ("Ultimate Data Engineering with Databricks: Develop Scalable Data Pipelines Using Data Engineering's Core Tenets Such as Delta Tables, Ingestion, ... Security, and Scalability (English Edition)", 'Mayank Malhotra', '37.', '4.1 out of 5 stars')
[2024-11-11T16:13:09.278+0000] {sql.py:518} INFO - Rows affected: 1
[2024-11-11T16:13:09.291+0000] {base.py:84} INFO - Retrieving connection 'books_connection'
[2024-11-11T16:13:09.297+0000] {sql.py:509} INFO - Running statement: 
    INSERT INTO books (title, authors, price, rating)
    VALUES (%s, %s, %s, %s)
    , parameters: ('DATA ENGINEERING AND AI FOR BEGINNERS: Revolutionizing Data Processing and Analytics by Leveraging Artificial Intelligence for Efficient Input Collection, Storage, and Transformation (World of AI)', 'Kindle', '0.', '4.3 out of 5 stars')
[2024-11-11T16:13:09.299+0000] {sql.py:518} INFO - Rows affected: 1
[2024-11-11T16:13:09.312+0000] {base.py:84} INFO - Retrieving connection 'books_connection'
[2024-11-11T16:13:09.318+0000] {sql.py:509} INFO - Running statement: 
    INSERT INTO books (title, authors, price, rating)
    VALUES (%s, %s, %s, %s)
    , parameters: ('97 Things Every Data Engineer Should Know: Collective Wisdom from the Experts', 'Audible Audiobook', '0.', '4.2 out of 5 stars')
[2024-11-11T16:13:09.321+0000] {sql.py:518} INFO - Rows affected: 1
[2024-11-11T16:13:09.334+0000] {base.py:84} INFO - Retrieving connection 'books_connection'
[2024-11-11T16:13:09.339+0000] {sql.py:509} INFO - Running statement: 
    INSERT INTO books (title, authors, price, rating)
    VALUES (%s, %s, %s, %s)
    , parameters: ('The Data Engineering Handbook: We are Data Engineers, we make things happen, we pull rabbits out of hats, and transform raw, noisy data into gold.', 'Paperback', '9.', '5.0 out of 5 stars')
[2024-11-11T16:13:09.341+0000] {sql.py:518} INFO - Rows affected: 1
[2024-11-11T16:13:09.355+0000] {base.py:84} INFO - Retrieving connection 'books_connection'
[2024-11-11T16:13:09.360+0000] {sql.py:509} INFO - Running statement: 
    INSERT INTO books (title, authors, price, rating)
    VALUES (%s, %s, %s, %s)
    , parameters: ('Machine Learning Engineering', 'Andriy Burkov', '39.', '4.7 out of 5 stars')
[2024-11-11T16:13:09.363+0000] {sql.py:518} INFO - Rows affected: 1
[2024-11-11T16:13:09.377+0000] {base.py:84} INFO - Retrieving connection 'books_connection'
[2024-11-11T16:13:09.383+0000] {sql.py:509} INFO - Running statement: 
    INSERT INTO books (title, authors, price, rating)
    VALUES (%s, %s, %s, %s)
    , parameters: ('Prompt Engineering for Generative AI: Future-Proof Inputs for Reliable AI Outputs', 'James Phoenix', '53.', '4.5 out of 5 stars')
[2024-11-11T16:13:09.385+0000] {sql.py:518} INFO - Rows affected: 1
[2024-11-11T16:13:09.399+0000] {base.py:84} INFO - Retrieving connection 'books_connection'
[2024-11-11T16:13:09.405+0000] {sql.py:509} INFO - Running statement: 
    INSERT INTO books (title, authors, price, rating)
    VALUES (%s, %s, %s, %s)
    , parameters: ('Fundamentals of Data Visualization: A Primer on Making Informative and Compelling Figures', 'Claus O. Wilke', '49.', '4.6 out of 5 stars')
[2024-11-11T16:13:09.407+0000] {sql.py:518} INFO - Rows affected: 1
[2024-11-11T16:13:09.420+0000] {base.py:84} INFO - Retrieving connection 'books_connection'
[2024-11-11T16:13:09.424+0000] {sql.py:509} INFO - Running statement: 
    INSERT INTO books (title, authors, price, rating)
    VALUES (%s, %s, %s, %s)
    , parameters: ('Data Mesh: Delivering Data-Driven Value at Scale', 'Audible Audiobook', '0.', '4.5 out of 5 stars')
[2024-11-11T16:13:09.427+0000] {sql.py:518} INFO - Rows affected: 1
[2024-11-11T16:13:09.437+0000] {base.py:84} INFO - Retrieving connection 'books_connection'
[2024-11-11T16:13:09.443+0000] {sql.py:509} INFO - Running statement: 
    INSERT INTO books (title, authors, price, rating)
    VALUES (%s, %s, %s, %s)
    , parameters: ('Official Google Cloud Certified Professional Data Engineer Study Guide', 'Dan Sullivan', '33.', '4.5 out of 5 stars')
[2024-11-11T16:13:09.445+0000] {sql.py:518} INFO - Rows affected: 1
[2024-11-11T16:13:09.456+0000] {base.py:84} INFO - Retrieving connection 'books_connection'
[2024-11-11T16:13:09.461+0000] {sql.py:509} INFO - Running statement: 
    INSERT INTO books (title, authors, price, rating)
    VALUES (%s, %s, %s, %s)
    , parameters: ('Analytics Engineering with SQL and dbt: Building Meaningful Data Models at Scale', 'Rui Pedro Machado', '41.', '3.9 out of 5 stars')
[2024-11-11T16:13:09.464+0000] {sql.py:518} INFO - Rows affected: 1
[2024-11-11T16:13:09.476+0000] {base.py:84} INFO - Retrieving connection 'books_connection'
[2024-11-11T16:13:09.481+0000] {sql.py:509} INFO - Running statement: 
    INSERT INTO books (title, authors, price, rating)
    VALUES (%s, %s, %s, %s)
    , parameters: ('Data Engineering with Alteryx: Helping data engineers apply DataOps practices with Alteryx', 'Paul Houghton', '44.', '4.3 out of 5 stars')
[2024-11-11T16:13:09.483+0000] {sql.py:518} INFO - Rows affected: 1
[2024-11-11T16:13:09.496+0000] {base.py:84} INFO - Retrieving connection 'books_connection'
[2024-11-11T16:13:09.502+0000] {sql.py:509} INFO - Running statement: 
    INSERT INTO books (title, authors, price, rating)
    VALUES (%s, %s, %s, %s)
    , parameters: ('Data Engineering with Databricks', 'Kindle', '0.', '3.4 out of 5 stars')
[2024-11-11T16:13:09.504+0000] {sql.py:518} INFO - Rows affected: 1
[2024-11-11T16:13:09.518+0000] {base.py:84} INFO - Retrieving connection 'books_connection'
[2024-11-11T16:13:09.524+0000] {sql.py:509} INFO - Running statement: 
    INSERT INTO books (title, authors, price, rating)
    VALUES (%s, %s, %s, %s)
    , parameters: ('Data Science on AWS: Implementing End-to-End, Continuous AI and Machine Learning Pipelines', 'Chris Fregly', '27.', '4.4 out of 5 stars')
[2024-11-11T16:13:09.527+0000] {sql.py:518} INFO - Rows affected: 1
[2024-11-11T16:13:09.543+0000] {base.py:84} INFO - Retrieving connection 'books_connection'
[2024-11-11T16:13:09.550+0000] {sql.py:509} INFO - Running statement: 
    INSERT INTO books (title, authors, price, rating)
    VALUES (%s, %s, %s, %s)
    , parameters: ('Invisible Women: Data Bias in a World Designed for Men', 'Caroline Criado Perez', '15.', '4.6 out of 5 stars')
[2024-11-11T16:13:09.553+0000] {sql.py:518} INFO - Rows affected: 1
[2024-11-11T16:13:09.568+0000] {base.py:84} INFO - Retrieving connection 'books_connection'
[2024-11-11T16:13:09.575+0000] {sql.py:509} INFO - Running statement: 
    INSERT INTO books (title, authors, price, rating)
    VALUES (%s, %s, %s, %s)
    , parameters: ('GOOGLE CLOUD PROFESSIONAL DATA ENGINEER CERTIFICATION | MASTER THE EXAM: 10 PRACTICE TESTS, 500 RIGOROUS QUESTIONS, GAIN WEALTH OF INSIGHTS, EXPERT EXPLANATIONS AND ONE ULTIMATE GOAL', 'Mr Anand M', '29.', '5.0 out of 5 stars')
[2024-11-11T16:13:09.578+0000] {sql.py:518} INFO - Rows affected: 1
[2024-11-11T16:13:09.602+0000] {base.py:84} INFO - Retrieving connection 'books_connection'
[2024-11-11T16:13:09.608+0000] {sql.py:509} INFO - Running statement: 
    INSERT INTO books (title, authors, price, rating)
    VALUES (%s, %s, %s, %s)
    , parameters: ('Modeling and Simulation in Python: An Introduction for Scientists and Engineers', 'Allen B. Downey', '32.', '4.5 out of 5 stars')
[2024-11-11T16:13:09.611+0000] {sql.py:518} INFO - Rows affected: 1
[2024-11-11T16:13:09.625+0000] {base.py:84} INFO - Retrieving connection 'books_connection'
[2024-11-11T16:13:09.631+0000] {sql.py:509} INFO - Running statement: 
    INSERT INTO books (title, authors, price, rating)
    VALUES (%s, %s, %s, %s)
    , parameters: ('Mastering AWS Data Engineering: A Step-by-Step Guide', 'Paperback', '12.', '5.0 out of 5 stars')
[2024-11-11T16:13:09.633+0000] {sql.py:518} INFO - Rows affected: 1
[2024-11-11T16:13:09.648+0000] {base.py:84} INFO - Retrieving connection 'books_connection'
[2024-11-11T16:13:09.654+0000] {sql.py:509} INFO - Running statement: 
    INSERT INTO books (title, authors, price, rating)
    VALUES (%s, %s, %s, %s)
    , parameters: ('Data Engineering with Scala and Spark: A practical guide helping you build streaming and batch pipelines that process massive amounts of data using Scala', 'Eric Tome', '36.', '4.1 out of 5 stars')
[2024-11-11T16:13:09.657+0000] {sql.py:518} INFO - Rows affected: 1
[2024-11-11T16:13:09.675+0000] {base.py:84} INFO - Retrieving connection 'books_connection'
[2024-11-11T16:13:09.684+0000] {sql.py:509} INFO - Running statement: 
    INSERT INTO books (title, authors, price, rating)
    VALUES (%s, %s, %s, %s)
    , parameters: ('Data Management at Scale: Modern Data Architecture with Data Mesh and Data Fabric', 'Piethein Strengholt', '47.', '4.4 out of 5 stars')
[2024-11-11T16:13:09.690+0000] {sql.py:518} INFO - Rows affected: 1
[2024-11-11T16:13:09.709+0000] {base.py:84} INFO - Retrieving connection 'books_connection'
[2024-11-11T16:13:09.716+0000] {sql.py:509} INFO - Running statement: 
    INSERT INTO books (title, authors, price, rating)
    VALUES (%s, %s, %s, %s)
    , parameters: ('Data Stewardship: An Actionable Guide to Effective Data Management and Data Governance', 'Paperback', '46.', '4.7 out of 5 stars')
[2024-11-11T16:13:09.721+0000] {sql.py:518} INFO - Rows affected: 1
[2024-11-11T16:13:09.727+0000] {python.py:240} INFO - Done. Returned value was: None
[2024-11-11T16:13:09.753+0000] {taskinstance.py:340} INFO - ::group::Post task execution logs
[2024-11-11T16:13:09.754+0000] {taskinstance.py:352} INFO - Marking task as SUCCESS. dag_id=fetch_and_store_amazon_books, task_id=insert_book_data, run_id=manual__2024-11-11T16:12:54.058865+00:00, execution_date=20241111T161254, start_date=20241111T161307, end_date=20241111T161309
[2024-11-11T16:13:09.781+0000] {logging_mixin.py:190} INFO - Task instance in success state
[2024-11-11T16:13:09.783+0000] {logging_mixin.py:190} INFO -  Previous state of the Task instance: running
[2024-11-11T16:13:09.784+0000] {logging_mixin.py:190} INFO - Dag name:fetch_and_store_amazon_books queued_at:2024-11-11 16:12:54.153657+00:00
[2024-11-11T16:13:09.786+0000] {logging_mixin.py:190} INFO - Task hostname:827d93f9030f operator:PythonOperator
[2024-11-11T16:13:09.814+0000] {local_task_job_runner.py:266} INFO - Task exited with return code 0
[2024-11-11T16:13:09.864+0000] {taskinstance.py:3900} INFO - 0 downstream tasks scheduled from follow-on schedule check
[2024-11-11T16:13:09.871+0000] {local_task_job_runner.py:245} INFO - ::endgroup::
