[2024-11-11T16:09:26.649+0000] {local_task_job_runner.py:123} INFO - ::group::Pre task execution logs
[2024-11-11T16:09:26.683+0000] {taskinstance.py:2612} INFO - Dependencies all met for dep_context=non-requeueable deps ti=<TaskInstance: fetch_and_store_amazon_books.create_table scheduled__2024-11-08T00:00:00+00:00 [queued]>
[2024-11-11T16:09:26.697+0000] {taskinstance.py:2612} INFO - Dependencies all met for dep_context=requeueable deps ti=<TaskInstance: fetch_and_store_amazon_books.create_table scheduled__2024-11-08T00:00:00+00:00 [queued]>
[2024-11-11T16:09:26.699+0000] {taskinstance.py:2865} INFO - Starting attempt 2 of 2
[2024-11-11T16:09:26.721+0000] {taskinstance.py:2888} INFO - Executing <Task(PostgresOperator): create_table> on 2024-11-08 00:00:00+00:00
[2024-11-11T16:09:26.732+0000] {warnings.py:112} WARNING - /home/***/.local/lib/python3.12/site-packages/***/task/task_runner/standard_task_runner.py:70: DeprecationWarning: This process (pid=601) is multi-threaded, use of fork() may lead to deadlocks in the child.
  pid = os.fork()

[2024-11-11T16:09:26.736+0000] {standard_task_runner.py:104} INFO - Running: ['***', 'tasks', 'run', 'fetch_and_store_amazon_books', 'create_table', 'scheduled__2024-11-08T00:00:00+00:00', '--job-id', '14', '--raw', '--subdir', 'DAGS_FOLDER/dag.py', '--cfg-path', '/tmp/tmpdjxvjq9o']
[2024-11-11T16:09:26.738+0000] {standard_task_runner.py:105} INFO - Job 14: Subtask create_table
[2024-11-11T16:09:26.737+0000] {standard_task_runner.py:72} INFO - Started process 603 to run task
[2024-11-11T16:09:26.830+0000] {task_command.py:467} INFO - Running <TaskInstance: fetch_and_store_amazon_books.create_table scheduled__2024-11-08T00:00:00+00:00 [running]> on host 827d93f9030f
[2024-11-11T16:09:26.970+0000] {taskinstance.py:3131} INFO - Exporting env vars: AIRFLOW_CTX_DAG_OWNER='***' AIRFLOW_CTX_DAG_ID='fetch_and_store_amazon_books' AIRFLOW_CTX_TASK_ID='create_table' AIRFLOW_CTX_EXECUTION_DATE='2024-11-08T00:00:00+00:00' AIRFLOW_CTX_TRY_NUMBER='2' AIRFLOW_CTX_DAG_RUN_ID='scheduled__2024-11-08T00:00:00+00:00'
[2024-11-11T16:09:26.973+0000] {logging_mixin.py:190} INFO - Task instance is in running state
[2024-11-11T16:09:26.974+0000] {logging_mixin.py:190} INFO -  Previous state of the Task instance: queued
[2024-11-11T16:09:26.975+0000] {logging_mixin.py:190} INFO - Current task name:create_table state:running start_date:2024-11-11 16:09:26.685381+00:00
[2024-11-11T16:09:26.976+0000] {logging_mixin.py:190} INFO - Dag name:fetch_and_store_amazon_books and current dag run status:running
[2024-11-11T16:09:26.977+0000] {taskinstance.py:731} INFO - ::endgroup::
[2024-11-11T16:09:26.978+0000] {sql.py:266} INFO - Executing: 
    CREATE TABLE IF NOT EXISTS books (
        id SERIAL PRIMARY KEY,
        title TEXT NOT NULL,
        authors TEXT,
        price TEXT,
        rating TEXT
    );
    
[2024-11-11T16:09:26.992+0000] {base.py:84} INFO - Retrieving connection 'books_connection'
[2024-11-11T16:09:27.003+0000] {base.py:84} INFO - Retrieving connection 'books_connection'
[2024-11-11T16:09:27.008+0000] {sql.py:509} INFO - Running statement: 
    CREATE TABLE IF NOT EXISTS books (
        id SERIAL PRIMARY KEY,
        title TEXT NOT NULL,
        authors TEXT,
        price TEXT,
        rating TEXT
    );
    , parameters: None
[2024-11-11T16:09:27.025+0000] {taskinstance.py:340} INFO - ::group::Post task execution logs
[2024-11-11T16:09:27.026+0000] {taskinstance.py:352} INFO - Marking task as SUCCESS. dag_id=fetch_and_store_amazon_books, task_id=create_table, run_id=scheduled__2024-11-08T00:00:00+00:00, execution_date=20241108T000000, start_date=20241111T160926, end_date=20241111T160927
[2024-11-11T16:09:27.042+0000] {logging_mixin.py:190} INFO - Task instance in success state
[2024-11-11T16:09:27.044+0000] {logging_mixin.py:190} INFO -  Previous state of the Task instance: running
[2024-11-11T16:09:27.045+0000] {logging_mixin.py:190} INFO - Dag name:fetch_and_store_amazon_books queued_at:2024-11-11 16:03:38.476006+00:00
[2024-11-11T16:09:27.046+0000] {logging_mixin.py:190} INFO - Task hostname:827d93f9030f operator:PostgresOperator
[2024-11-11T16:09:27.084+0000] {local_task_job_runner.py:266} INFO - Task exited with return code 0
[2024-11-11T16:09:27.102+0000] {warnings.py:112} WARNING - /home/***/.local/lib/python3.12/site-packages/***/models/baseoperator.py:1378: AirflowProviderDeprecationWarning: Call to deprecated class PostgresOperator. (Please use `***.providers.common.sql.operators.sql.SQLExecuteQueryOperator`.Also, you can provide `hook_params={'schema': <database>}`.)
  result = cls.__new__(cls)

[2024-11-11T16:09:27.121+0000] {taskinstance.py:3900} INFO - 1 downstream tasks scheduled from follow-on schedule check
[2024-11-11T16:09:27.127+0000] {local_task_job_runner.py:245} INFO - ::endgroup::
