[2024-11-11T15:57:59.263+0000] {processor.py:186} INFO - Started process (PID=3694) to work on /opt/airflow/dags/dag.py
[2024-11-11T15:57:59.265+0000] {processor.py:914} INFO - Processing file /opt/airflow/dags/dag.py for tasks to queue
[2024-11-11T15:57:59.269+0000] {logging_mixin.py:190} INFO - [2024-11-11T15:57:59.268+0000] {dagbag.py:588} INFO - Filling up the DagBag from /opt/airflow/dags/dag.py
[2024-11-11T15:57:59.639+0000] {processor.py:925} INFO - DAG(s) 'fetch_and_store_amazon_books' retrieved from /opt/airflow/dags/dag.py
[2024-11-11T15:57:59.822+0000] {logging_mixin.py:190} INFO - [2024-11-11T15:57:59.821+0000] {override.py:1900} INFO - Created Permission View: can read on DAG:fetch_and_store_amazon_books
[2024-11-11T15:57:59.842+0000] {logging_mixin.py:190} INFO - [2024-11-11T15:57:59.841+0000] {override.py:1900} INFO - Created Permission View: can delete on DAG:fetch_and_store_amazon_books
[2024-11-11T15:57:59.857+0000] {logging_mixin.py:190} INFO - [2024-11-11T15:57:59.856+0000] {override.py:1900} INFO - Created Permission View: can edit on DAG:fetch_and_store_amazon_books
[2024-11-11T15:57:59.876+0000] {logging_mixin.py:190} INFO - [2024-11-11T15:57:59.876+0000] {override.py:1900} INFO - Created Permission View: can read on DAG Run:fetch_and_store_amazon_books
[2024-11-11T15:57:59.889+0000] {logging_mixin.py:190} INFO - [2024-11-11T15:57:59.888+0000] {override.py:1900} INFO - Created Permission View: can create on DAG Run:fetch_and_store_amazon_books
[2024-11-11T15:57:59.904+0000] {logging_mixin.py:190} INFO - [2024-11-11T15:57:59.903+0000] {override.py:1900} INFO - Created Permission View: can delete on DAG Run:fetch_and_store_amazon_books
[2024-11-11T15:57:59.919+0000] {logging_mixin.py:190} INFO - [2024-11-11T15:57:59.918+0000] {override.py:1900} INFO - Created Permission View: menu access on DAG Run:fetch_and_store_amazon_books
[2024-11-11T15:57:59.921+0000] {logging_mixin.py:190} INFO - [2024-11-11T15:57:59.920+0000] {dag.py:3239} INFO - Sync 1 DAGs
[2024-11-11T15:57:59.940+0000] {logging_mixin.py:190} INFO - [2024-11-11T15:57:59.939+0000] {dag.py:3262} INFO - Creating ORM DAG for fetch_and_store_amazon_books
[2024-11-11T15:57:59.957+0000] {logging_mixin.py:190} INFO - [2024-11-11T15:57:59.956+0000] {dag.py:4180} INFO - Setting next_dagrun for fetch_and_store_amazon_books to 2024-11-08 00:00:00+00:00, run_after=2024-11-09 00:00:00+00:00
[2024-11-11T15:57:59.995+0000] {processor.py:208} INFO - Processing /opt/airflow/dags/dag.py took 0.740 seconds
[2024-11-11T15:58:30.795+0000] {processor.py:186} INFO - Started process (PID=3758) to work on /opt/airflow/dags/dag.py
[2024-11-11T15:58:30.797+0000] {processor.py:914} INFO - Processing file /opt/airflow/dags/dag.py for tasks to queue
[2024-11-11T15:58:30.800+0000] {logging_mixin.py:190} INFO - [2024-11-11T15:58:30.800+0000] {dagbag.py:588} INFO - Filling up the DagBag from /opt/airflow/dags/dag.py
[2024-11-11T15:58:31.001+0000] {processor.py:925} INFO - DAG(s) 'fetch_and_store_amazon_books' retrieved from /opt/airflow/dags/dag.py
[2024-11-11T15:58:31.032+0000] {logging_mixin.py:190} INFO - [2024-11-11T15:58:31.031+0000] {dag.py:3239} INFO - Sync 1 DAGs
[2024-11-11T15:58:31.063+0000] {logging_mixin.py:190} INFO - [2024-11-11T15:58:31.063+0000] {dag.py:4180} INFO - Setting next_dagrun for fetch_and_store_amazon_books to 2024-11-08 00:00:00+00:00, run_after=2024-11-09 00:00:00+00:00
[2024-11-11T15:58:31.090+0000] {processor.py:208} INFO - Processing /opt/airflow/dags/dag.py took 0.304 seconds
[2024-11-11T15:59:02.124+0000] {processor.py:186} INFO - Started process (PID=3822) to work on /opt/airflow/dags/dag.py
[2024-11-11T15:59:02.126+0000] {processor.py:914} INFO - Processing file /opt/airflow/dags/dag.py for tasks to queue
[2024-11-11T15:59:02.131+0000] {logging_mixin.py:190} INFO - [2024-11-11T15:59:02.131+0000] {dagbag.py:588} INFO - Filling up the DagBag from /opt/airflow/dags/dag.py
[2024-11-11T15:59:02.368+0000] {processor.py:925} INFO - DAG(s) 'fetch_and_store_amazon_books' retrieved from /opt/airflow/dags/dag.py
[2024-11-11T15:59:02.413+0000] {logging_mixin.py:190} INFO - [2024-11-11T15:59:02.411+0000] {dag.py:3239} INFO - Sync 1 DAGs
[2024-11-11T15:59:02.456+0000] {logging_mixin.py:190} INFO - [2024-11-11T15:59:02.456+0000] {dag.py:4180} INFO - Setting next_dagrun for fetch_and_store_amazon_books to 2024-11-08 00:00:00+00:00, run_after=2024-11-09 00:00:00+00:00
[2024-11-11T15:59:02.494+0000] {processor.py:208} INFO - Processing /opt/airflow/dags/dag.py took 0.379 seconds
[2024-11-11T15:59:32.608+0000] {processor.py:186} INFO - Started process (PID=3882) to work on /opt/airflow/dags/dag.py
[2024-11-11T15:59:32.611+0000] {processor.py:914} INFO - Processing file /opt/airflow/dags/dag.py for tasks to queue
[2024-11-11T15:59:32.618+0000] {logging_mixin.py:190} INFO - [2024-11-11T15:59:32.617+0000] {dagbag.py:588} INFO - Filling up the DagBag from /opt/airflow/dags/dag.py
[2024-11-11T15:59:32.858+0000] {processor.py:925} INFO - DAG(s) 'fetch_and_store_amazon_books' retrieved from /opt/airflow/dags/dag.py
[2024-11-11T15:59:32.904+0000] {logging_mixin.py:190} INFO - [2024-11-11T15:59:32.904+0000] {dag.py:3239} INFO - Sync 1 DAGs
[2024-11-11T15:59:32.955+0000] {logging_mixin.py:190} INFO - [2024-11-11T15:59:32.954+0000] {dag.py:4180} INFO - Setting next_dagrun for fetch_and_store_amazon_books to 2024-11-08 00:00:00+00:00, run_after=2024-11-09 00:00:00+00:00
[2024-11-11T15:59:33.009+0000] {processor.py:208} INFO - Processing /opt/airflow/dags/dag.py took 0.416 seconds
[2024-11-11T16:00:03.307+0000] {processor.py:186} INFO - Started process (PID=3946) to work on /opt/airflow/dags/dag.py
[2024-11-11T16:00:03.309+0000] {processor.py:914} INFO - Processing file /opt/airflow/dags/dag.py for tasks to queue
[2024-11-11T16:00:03.313+0000] {logging_mixin.py:190} INFO - [2024-11-11T16:00:03.312+0000] {dagbag.py:588} INFO - Filling up the DagBag from /opt/airflow/dags/dag.py
[2024-11-11T16:00:03.510+0000] {processor.py:925} INFO - DAG(s) 'fetch_and_store_amazon_books' retrieved from /opt/airflow/dags/dag.py
[2024-11-11T16:00:03.551+0000] {logging_mixin.py:190} INFO - [2024-11-11T16:00:03.550+0000] {dag.py:3239} INFO - Sync 1 DAGs
[2024-11-11T16:00:03.585+0000] {logging_mixin.py:190} INFO - [2024-11-11T16:00:03.585+0000] {dag.py:4180} INFO - Setting next_dagrun for fetch_and_store_amazon_books to 2024-11-08 00:00:00+00:00, run_after=2024-11-09 00:00:00+00:00
[2024-11-11T16:00:03.627+0000] {processor.py:208} INFO - Processing /opt/airflow/dags/dag.py took 0.328 seconds
[2024-11-11T16:00:33.862+0000] {processor.py:186} INFO - Started process (PID=4009) to work on /opt/airflow/dags/dag.py
[2024-11-11T16:00:33.864+0000] {processor.py:914} INFO - Processing file /opt/airflow/dags/dag.py for tasks to queue
[2024-11-11T16:00:33.872+0000] {logging_mixin.py:190} INFO - [2024-11-11T16:00:33.871+0000] {dagbag.py:588} INFO - Filling up the DagBag from /opt/airflow/dags/dag.py
[2024-11-11T16:00:34.059+0000] {processor.py:925} INFO - DAG(s) 'fetch_and_store_amazon_books' retrieved from /opt/airflow/dags/dag.py
[2024-11-11T16:00:34.090+0000] {logging_mixin.py:190} INFO - [2024-11-11T16:00:34.089+0000] {dag.py:3239} INFO - Sync 1 DAGs
[2024-11-11T16:00:34.123+0000] {logging_mixin.py:190} INFO - [2024-11-11T16:00:34.123+0000] {dag.py:4180} INFO - Setting next_dagrun for fetch_and_store_amazon_books to 2024-11-08 00:00:00+00:00, run_after=2024-11-09 00:00:00+00:00
[2024-11-11T16:00:34.156+0000] {processor.py:208} INFO - Processing /opt/airflow/dags/dag.py took 0.307 seconds
[2024-11-11T16:01:04.346+0000] {processor.py:186} INFO - Started process (PID=4072) to work on /opt/airflow/dags/dag.py
[2024-11-11T16:01:04.348+0000] {processor.py:914} INFO - Processing file /opt/airflow/dags/dag.py for tasks to queue
[2024-11-11T16:01:04.351+0000] {logging_mixin.py:190} INFO - [2024-11-11T16:01:04.351+0000] {dagbag.py:588} INFO - Filling up the DagBag from /opt/airflow/dags/dag.py
[2024-11-11T16:01:04.537+0000] {processor.py:925} INFO - DAG(s) 'fetch_and_store_amazon_books' retrieved from /opt/airflow/dags/dag.py
[2024-11-11T16:01:04.572+0000] {logging_mixin.py:190} INFO - [2024-11-11T16:01:04.571+0000] {dag.py:3239} INFO - Sync 1 DAGs
[2024-11-11T16:01:04.621+0000] {logging_mixin.py:190} INFO - [2024-11-11T16:01:04.620+0000] {dag.py:4180} INFO - Setting next_dagrun for fetch_and_store_amazon_books to 2024-11-08 00:00:00+00:00, run_after=2024-11-09 00:00:00+00:00
[2024-11-11T16:01:04.662+0000] {processor.py:208} INFO - Processing /opt/airflow/dags/dag.py took 0.325 seconds
[2024-11-11T16:01:35.733+0000] {processor.py:186} INFO - Started process (PID=4131) to work on /opt/airflow/dags/dag.py
[2024-11-11T16:01:35.735+0000] {processor.py:914} INFO - Processing file /opt/airflow/dags/dag.py for tasks to queue
[2024-11-11T16:01:35.739+0000] {logging_mixin.py:190} INFO - [2024-11-11T16:01:35.738+0000] {dagbag.py:588} INFO - Filling up the DagBag from /opt/airflow/dags/dag.py
[2024-11-11T16:01:35.971+0000] {processor.py:925} INFO - DAG(s) 'fetch_and_store_amazon_books' retrieved from /opt/airflow/dags/dag.py
[2024-11-11T16:01:36.001+0000] {logging_mixin.py:190} INFO - [2024-11-11T16:01:36.000+0000] {dag.py:3239} INFO - Sync 1 DAGs
[2024-11-11T16:01:36.034+0000] {logging_mixin.py:190} INFO - [2024-11-11T16:01:36.033+0000] {dag.py:4180} INFO - Setting next_dagrun for fetch_and_store_amazon_books to 2024-11-08 00:00:00+00:00, run_after=2024-11-09 00:00:00+00:00
[2024-11-11T16:01:36.067+0000] {processor.py:208} INFO - Processing /opt/airflow/dags/dag.py took 0.342 seconds
[2024-11-11T16:02:06.218+0000] {processor.py:186} INFO - Started process (PID=4195) to work on /opt/airflow/dags/dag.py
[2024-11-11T16:02:06.220+0000] {processor.py:914} INFO - Processing file /opt/airflow/dags/dag.py for tasks to queue
[2024-11-11T16:02:06.224+0000] {logging_mixin.py:190} INFO - [2024-11-11T16:02:06.224+0000] {dagbag.py:588} INFO - Filling up the DagBag from /opt/airflow/dags/dag.py
[2024-11-11T16:02:06.445+0000] {processor.py:925} INFO - DAG(s) 'fetch_and_store_amazon_books' retrieved from /opt/airflow/dags/dag.py
[2024-11-11T16:02:06.476+0000] {logging_mixin.py:190} INFO - [2024-11-11T16:02:06.475+0000] {dag.py:3239} INFO - Sync 1 DAGs
[2024-11-11T16:02:06.506+0000] {logging_mixin.py:190} INFO - [2024-11-11T16:02:06.505+0000] {dag.py:4180} INFO - Setting next_dagrun for fetch_and_store_amazon_books to 2024-11-08 00:00:00+00:00, run_after=2024-11-09 00:00:00+00:00
[2024-11-11T16:02:06.533+0000] {processor.py:208} INFO - Processing /opt/airflow/dags/dag.py took 0.326 seconds
[2024-11-11T16:02:37.028+0000] {processor.py:186} INFO - Started process (PID=4259) to work on /opt/airflow/dags/dag.py
[2024-11-11T16:02:37.030+0000] {processor.py:914} INFO - Processing file /opt/airflow/dags/dag.py for tasks to queue
[2024-11-11T16:02:37.035+0000] {logging_mixin.py:190} INFO - [2024-11-11T16:02:37.034+0000] {dagbag.py:588} INFO - Filling up the DagBag from /opt/airflow/dags/dag.py
[2024-11-11T16:02:37.254+0000] {processor.py:925} INFO - DAG(s) 'fetch_and_store_amazon_books' retrieved from /opt/airflow/dags/dag.py
[2024-11-11T16:02:37.282+0000] {logging_mixin.py:190} INFO - [2024-11-11T16:02:37.281+0000] {dag.py:3239} INFO - Sync 1 DAGs
[2024-11-11T16:02:37.312+0000] {logging_mixin.py:190} INFO - [2024-11-11T16:02:37.311+0000] {dag.py:4180} INFO - Setting next_dagrun for fetch_and_store_amazon_books to 2024-11-08 00:00:00+00:00, run_after=2024-11-09 00:00:00+00:00
[2024-11-11T16:02:37.343+0000] {processor.py:208} INFO - Processing /opt/airflow/dags/dag.py took 0.332 seconds
[2024-11-11T16:03:07.513+0000] {processor.py:186} INFO - Started process (PID=4317) to work on /opt/airflow/dags/dag.py
[2024-11-11T16:03:07.515+0000] {processor.py:914} INFO - Processing file /opt/airflow/dags/dag.py for tasks to queue
[2024-11-11T16:03:07.520+0000] {logging_mixin.py:190} INFO - [2024-11-11T16:03:07.519+0000] {dagbag.py:588} INFO - Filling up the DagBag from /opt/airflow/dags/dag.py
[2024-11-11T16:03:07.712+0000] {processor.py:925} INFO - DAG(s) 'fetch_and_store_amazon_books' retrieved from /opt/airflow/dags/dag.py
[2024-11-11T16:03:07.748+0000] {logging_mixin.py:190} INFO - [2024-11-11T16:03:07.747+0000] {dag.py:3239} INFO - Sync 1 DAGs
[2024-11-11T16:03:07.798+0000] {logging_mixin.py:190} INFO - [2024-11-11T16:03:07.798+0000] {dag.py:4180} INFO - Setting next_dagrun for fetch_and_store_amazon_books to 2024-11-08 00:00:00+00:00, run_after=2024-11-09 00:00:00+00:00
[2024-11-11T16:03:07.844+0000] {processor.py:208} INFO - Processing /opt/airflow/dags/dag.py took 0.341 seconds
[2024-11-11T16:03:38.360+0000] {processor.py:186} INFO - Started process (PID=4377) to work on /opt/airflow/dags/dag.py
[2024-11-11T16:03:38.363+0000] {processor.py:914} INFO - Processing file /opt/airflow/dags/dag.py for tasks to queue
[2024-11-11T16:03:38.367+0000] {logging_mixin.py:190} INFO - [2024-11-11T16:03:38.366+0000] {dagbag.py:588} INFO - Filling up the DagBag from /opt/airflow/dags/dag.py
[2024-11-11T16:03:38.662+0000] {processor.py:925} INFO - DAG(s) 'fetch_and_store_amazon_books' retrieved from /opt/airflow/dags/dag.py
[2024-11-11T16:03:38.716+0000] {logging_mixin.py:190} INFO - [2024-11-11T16:03:38.715+0000] {dag.py:3239} INFO - Sync 1 DAGs
[2024-11-11T16:03:38.793+0000] {logging_mixin.py:190} INFO - [2024-11-11T16:03:38.792+0000] {dag.py:4180} INFO - Setting next_dagrun for fetch_and_store_amazon_books to 2024-11-09 00:00:00+00:00, run_after=2024-11-10 00:00:00+00:00
[2024-11-11T16:03:38.856+0000] {processor.py:208} INFO - Processing /opt/airflow/dags/dag.py took 0.512 seconds
[2024-11-11T16:04:10.843+0000] {processor.py:186} INFO - Started process (PID=4456) to work on /opt/airflow/dags/dag.py
[2024-11-11T16:04:10.848+0000] {processor.py:914} INFO - Processing file /opt/airflow/dags/dag.py for tasks to queue
[2024-11-11T16:04:10.853+0000] {logging_mixin.py:190} INFO - [2024-11-11T16:04:10.852+0000] {dagbag.py:588} INFO - Filling up the DagBag from /opt/airflow/dags/dag.py
[2024-11-11T16:04:11.311+0000] {processor.py:925} INFO - DAG(s) 'fetch_and_store_amazon_books' retrieved from /opt/airflow/dags/dag.py
[2024-11-11T16:04:11.424+0000] {logging_mixin.py:190} INFO - [2024-11-11T16:04:11.423+0000] {dag.py:3239} INFO - Sync 1 DAGs
[2024-11-11T16:04:11.550+0000] {logging_mixin.py:190} INFO - [2024-11-11T16:04:11.549+0000] {dag.py:4180} INFO - Setting next_dagrun for fetch_and_store_amazon_books to 2024-11-11 00:00:00+00:00, run_after=2024-11-12 00:00:00+00:00
[2024-11-11T16:04:11.685+0000] {processor.py:208} INFO - Processing /opt/airflow/dags/dag.py took 0.861 seconds
[2024-11-11T16:04:42.315+0000] {processor.py:186} INFO - Started process (PID=4525) to work on /opt/airflow/dags/dag.py
[2024-11-11T16:04:42.318+0000] {processor.py:914} INFO - Processing file /opt/airflow/dags/dag.py for tasks to queue
[2024-11-11T16:04:42.327+0000] {logging_mixin.py:190} INFO - [2024-11-11T16:04:42.326+0000] {dagbag.py:588} INFO - Filling up the DagBag from /opt/airflow/dags/dag.py
[2024-11-11T16:04:42.836+0000] {processor.py:925} INFO - DAG(s) 'fetch_and_store_amazon_books' retrieved from /opt/airflow/dags/dag.py
[2024-11-11T16:04:42.880+0000] {logging_mixin.py:190} INFO - [2024-11-11T16:04:42.879+0000] {dag.py:3239} INFO - Sync 1 DAGs
[2024-11-11T16:04:42.944+0000] {logging_mixin.py:190} INFO - [2024-11-11T16:04:42.943+0000] {dag.py:4180} INFO - Setting next_dagrun for fetch_and_store_amazon_books to 2024-11-11 00:00:00+00:00, run_after=2024-11-12 00:00:00+00:00
[2024-11-11T16:04:43.052+0000] {processor.py:208} INFO - Processing /opt/airflow/dags/dag.py took 0.750 seconds
[2024-11-11T16:05:13.641+0000] {processor.py:186} INFO - Started process (PID=4588) to work on /opt/airflow/dags/dag.py
[2024-11-11T16:05:13.643+0000] {processor.py:914} INFO - Processing file /opt/airflow/dags/dag.py for tasks to queue
[2024-11-11T16:05:13.647+0000] {logging_mixin.py:190} INFO - [2024-11-11T16:05:13.646+0000] {dagbag.py:588} INFO - Filling up the DagBag from /opt/airflow/dags/dag.py
[2024-11-11T16:05:13.826+0000] {processor.py:925} INFO - DAG(s) 'fetch_and_store_amazon_books' retrieved from /opt/airflow/dags/dag.py
[2024-11-11T16:05:13.859+0000] {logging_mixin.py:190} INFO - [2024-11-11T16:05:13.858+0000] {dag.py:3239} INFO - Sync 1 DAGs
[2024-11-11T16:05:13.890+0000] {logging_mixin.py:190} INFO - [2024-11-11T16:05:13.889+0000] {dag.py:4180} INFO - Setting next_dagrun for fetch_and_store_amazon_books to 2024-11-11 00:00:00+00:00, run_after=2024-11-12 00:00:00+00:00
[2024-11-11T16:05:13.925+0000] {processor.py:208} INFO - Processing /opt/airflow/dags/dag.py took 0.293 seconds
[2024-11-11T16:05:44.060+0000] {processor.py:186} INFO - Started process (PID=4651) to work on /opt/airflow/dags/dag.py
[2024-11-11T16:05:44.063+0000] {processor.py:914} INFO - Processing file /opt/airflow/dags/dag.py for tasks to queue
[2024-11-11T16:05:44.068+0000] {logging_mixin.py:190} INFO - [2024-11-11T16:05:44.067+0000] {dagbag.py:588} INFO - Filling up the DagBag from /opt/airflow/dags/dag.py
[2024-11-11T16:05:44.376+0000] {processor.py:925} INFO - DAG(s) 'fetch_and_store_amazon_books' retrieved from /opt/airflow/dags/dag.py
[2024-11-11T16:05:44.406+0000] {logging_mixin.py:190} INFO - [2024-11-11T16:05:44.406+0000] {dag.py:3239} INFO - Sync 1 DAGs
[2024-11-11T16:05:44.437+0000] {logging_mixin.py:190} INFO - [2024-11-11T16:05:44.437+0000] {dag.py:4180} INFO - Setting next_dagrun for fetch_and_store_amazon_books to 2024-11-11 00:00:00+00:00, run_after=2024-11-12 00:00:00+00:00
[2024-11-11T16:05:44.480+0000] {processor.py:208} INFO - Processing /opt/airflow/dags/dag.py took 0.431 seconds
[2024-11-11T16:06:15.178+0000] {processor.py:186} INFO - Started process (PID=4714) to work on /opt/airflow/dags/dag.py
[2024-11-11T16:06:15.181+0000] {processor.py:914} INFO - Processing file /opt/airflow/dags/dag.py for tasks to queue
[2024-11-11T16:06:15.190+0000] {logging_mixin.py:190} INFO - [2024-11-11T16:06:15.188+0000] {dagbag.py:588} INFO - Filling up the DagBag from /opt/airflow/dags/dag.py
[2024-11-11T16:06:15.481+0000] {processor.py:925} INFO - DAG(s) 'fetch_and_store_amazon_books' retrieved from /opt/airflow/dags/dag.py
[2024-11-11T16:06:15.526+0000] {logging_mixin.py:190} INFO - [2024-11-11T16:06:15.525+0000] {dag.py:3239} INFO - Sync 1 DAGs
[2024-11-11T16:06:15.584+0000] {logging_mixin.py:190} INFO - [2024-11-11T16:06:15.584+0000] {dag.py:4180} INFO - Setting next_dagrun for fetch_and_store_amazon_books to 2024-11-11 00:00:00+00:00, run_after=2024-11-12 00:00:00+00:00
[2024-11-11T16:06:15.634+0000] {processor.py:208} INFO - Processing /opt/airflow/dags/dag.py took 0.469 seconds
[2024-11-11T16:06:45.901+0000] {processor.py:186} INFO - Started process (PID=4777) to work on /opt/airflow/dags/dag.py
[2024-11-11T16:06:45.903+0000] {processor.py:914} INFO - Processing file /opt/airflow/dags/dag.py for tasks to queue
[2024-11-11T16:06:45.909+0000] {logging_mixin.py:190} INFO - [2024-11-11T16:06:45.908+0000] {dagbag.py:588} INFO - Filling up the DagBag from /opt/airflow/dags/dag.py
[2024-11-11T16:06:46.134+0000] {processor.py:925} INFO - DAG(s) 'fetch_and_store_amazon_books' retrieved from /opt/airflow/dags/dag.py
[2024-11-11T16:06:46.176+0000] {logging_mixin.py:190} INFO - [2024-11-11T16:06:46.176+0000] {dag.py:3239} INFO - Sync 1 DAGs
[2024-11-11T16:06:46.230+0000] {logging_mixin.py:190} INFO - [2024-11-11T16:06:46.230+0000] {dag.py:4180} INFO - Setting next_dagrun for fetch_and_store_amazon_books to 2024-11-11 00:00:00+00:00, run_after=2024-11-12 00:00:00+00:00
[2024-11-11T16:06:46.286+0000] {processor.py:208} INFO - Processing /opt/airflow/dags/dag.py took 0.397 seconds
[2024-11-11T16:07:16.490+0000] {processor.py:186} INFO - Started process (PID=4840) to work on /opt/airflow/dags/dag.py
[2024-11-11T16:07:16.492+0000] {processor.py:914} INFO - Processing file /opt/airflow/dags/dag.py for tasks to queue
[2024-11-11T16:07:16.497+0000] {logging_mixin.py:190} INFO - [2024-11-11T16:07:16.496+0000] {dagbag.py:588} INFO - Filling up the DagBag from /opt/airflow/dags/dag.py
[2024-11-11T16:07:16.657+0000] {processor.py:925} INFO - DAG(s) 'fetch_and_store_amazon_books' retrieved from /opt/airflow/dags/dag.py
[2024-11-11T16:07:16.688+0000] {logging_mixin.py:190} INFO - [2024-11-11T16:07:16.687+0000] {dag.py:3239} INFO - Sync 1 DAGs
[2024-11-11T16:07:16.721+0000] {logging_mixin.py:190} INFO - [2024-11-11T16:07:16.721+0000] {dag.py:4180} INFO - Setting next_dagrun for fetch_and_store_amazon_books to 2024-11-11 00:00:00+00:00, run_after=2024-11-12 00:00:00+00:00
[2024-11-11T16:07:16.754+0000] {processor.py:208} INFO - Processing /opt/airflow/dags/dag.py took 0.272 seconds
[2024-11-11T16:07:47.439+0000] {processor.py:186} INFO - Started process (PID=4903) to work on /opt/airflow/dags/dag.py
[2024-11-11T16:07:47.440+0000] {processor.py:914} INFO - Processing file /opt/airflow/dags/dag.py for tasks to queue
[2024-11-11T16:07:47.443+0000] {logging_mixin.py:190} INFO - [2024-11-11T16:07:47.443+0000] {dagbag.py:588} INFO - Filling up the DagBag from /opt/airflow/dags/dag.py
[2024-11-11T16:07:47.607+0000] {processor.py:925} INFO - DAG(s) 'fetch_and_store_amazon_books' retrieved from /opt/airflow/dags/dag.py
[2024-11-11T16:07:47.640+0000] {logging_mixin.py:190} INFO - [2024-11-11T16:07:47.639+0000] {dag.py:3239} INFO - Sync 1 DAGs
[2024-11-11T16:07:47.676+0000] {logging_mixin.py:190} INFO - [2024-11-11T16:07:47.676+0000] {dag.py:4180} INFO - Setting next_dagrun for fetch_and_store_amazon_books to 2024-11-11 00:00:00+00:00, run_after=2024-11-12 00:00:00+00:00
[2024-11-11T16:07:47.708+0000] {processor.py:208} INFO - Processing /opt/airflow/dags/dag.py took 0.279 seconds
[2024-11-11T16:08:18.279+0000] {processor.py:186} INFO - Started process (PID=4966) to work on /opt/airflow/dags/dag.py
[2024-11-11T16:08:18.282+0000] {processor.py:914} INFO - Processing file /opt/airflow/dags/dag.py for tasks to queue
[2024-11-11T16:08:18.287+0000] {logging_mixin.py:190} INFO - [2024-11-11T16:08:18.286+0000] {dagbag.py:588} INFO - Filling up the DagBag from /opt/airflow/dags/dag.py
[2024-11-11T16:08:18.527+0000] {processor.py:925} INFO - DAG(s) 'fetch_and_store_amazon_books' retrieved from /opt/airflow/dags/dag.py
[2024-11-11T16:08:18.563+0000] {logging_mixin.py:190} INFO - [2024-11-11T16:08:18.562+0000] {dag.py:3239} INFO - Sync 1 DAGs
[2024-11-11T16:08:18.593+0000] {logging_mixin.py:190} INFO - [2024-11-11T16:08:18.592+0000] {dag.py:4180} INFO - Setting next_dagrun for fetch_and_store_amazon_books to 2024-11-11 00:00:00+00:00, run_after=2024-11-12 00:00:00+00:00
[2024-11-11T16:08:18.629+0000] {processor.py:208} INFO - Processing /opt/airflow/dags/dag.py took 0.365 seconds
[2024-11-11T16:08:48.825+0000] {processor.py:186} INFO - Started process (PID=5029) to work on /opt/airflow/dags/dag.py
[2024-11-11T16:08:48.827+0000] {processor.py:914} INFO - Processing file /opt/airflow/dags/dag.py for tasks to queue
[2024-11-11T16:08:48.831+0000] {logging_mixin.py:190} INFO - [2024-11-11T16:08:48.831+0000] {dagbag.py:588} INFO - Filling up the DagBag from /opt/airflow/dags/dag.py
[2024-11-11T16:08:49.042+0000] {processor.py:925} INFO - DAG(s) 'fetch_and_store_amazon_books' retrieved from /opt/airflow/dags/dag.py
[2024-11-11T16:08:49.094+0000] {logging_mixin.py:190} INFO - [2024-11-11T16:08:49.093+0000] {dag.py:3239} INFO - Sync 1 DAGs
[2024-11-11T16:08:49.141+0000] {logging_mixin.py:190} INFO - [2024-11-11T16:08:49.140+0000] {dag.py:4180} INFO - Setting next_dagrun for fetch_and_store_amazon_books to 2024-11-11 00:00:00+00:00, run_after=2024-11-12 00:00:00+00:00
[2024-11-11T16:08:49.182+0000] {processor.py:208} INFO - Processing /opt/airflow/dags/dag.py took 0.369 seconds
[2024-11-11T16:09:19.835+0000] {processor.py:186} INFO - Started process (PID=5092) to work on /opt/airflow/dags/dag.py
[2024-11-11T16:09:19.838+0000] {processor.py:914} INFO - Processing file /opt/airflow/dags/dag.py for tasks to queue
[2024-11-11T16:09:19.842+0000] {logging_mixin.py:190} INFO - [2024-11-11T16:09:19.842+0000] {dagbag.py:588} INFO - Filling up the DagBag from /opt/airflow/dags/dag.py
[2024-11-11T16:09:20.013+0000] {processor.py:925} INFO - DAG(s) 'fetch_and_store_amazon_books' retrieved from /opt/airflow/dags/dag.py
[2024-11-11T16:09:20.044+0000] {logging_mixin.py:190} INFO - [2024-11-11T16:09:20.043+0000] {dag.py:3239} INFO - Sync 1 DAGs
[2024-11-11T16:09:20.085+0000] {logging_mixin.py:190} INFO - [2024-11-11T16:09:20.085+0000] {dag.py:4180} INFO - Setting next_dagrun for fetch_and_store_amazon_books to 2024-11-11 00:00:00+00:00, run_after=2024-11-12 00:00:00+00:00
[2024-11-11T16:09:20.123+0000] {processor.py:208} INFO - Processing /opt/airflow/dags/dag.py took 0.297 seconds
[2024-11-11T16:09:50.363+0000] {processor.py:186} INFO - Started process (PID=5155) to work on /opt/airflow/dags/dag.py
[2024-11-11T16:09:50.366+0000] {processor.py:914} INFO - Processing file /opt/airflow/dags/dag.py for tasks to queue
[2024-11-11T16:09:50.372+0000] {logging_mixin.py:190} INFO - [2024-11-11T16:09:50.372+0000] {dagbag.py:588} INFO - Filling up the DagBag from /opt/airflow/dags/dag.py
[2024-11-11T16:09:50.560+0000] {processor.py:925} INFO - DAG(s) 'fetch_and_store_amazon_books' retrieved from /opt/airflow/dags/dag.py
[2024-11-11T16:09:50.602+0000] {logging_mixin.py:190} INFO - [2024-11-11T16:09:50.601+0000] {dag.py:3239} INFO - Sync 1 DAGs
[2024-11-11T16:09:50.637+0000] {logging_mixin.py:190} INFO - [2024-11-11T16:09:50.636+0000] {dag.py:4180} INFO - Setting next_dagrun for fetch_and_store_amazon_books to 2024-11-11 00:00:00+00:00, run_after=2024-11-12 00:00:00+00:00
[2024-11-11T16:09:50.672+0000] {processor.py:208} INFO - Processing /opt/airflow/dags/dag.py took 0.320 seconds
[2024-11-11T16:10:21.101+0000] {processor.py:186} INFO - Started process (PID=5218) to work on /opt/airflow/dags/dag.py
[2024-11-11T16:10:21.103+0000] {processor.py:914} INFO - Processing file /opt/airflow/dags/dag.py for tasks to queue
[2024-11-11T16:10:21.109+0000] {logging_mixin.py:190} INFO - [2024-11-11T16:10:21.108+0000] {dagbag.py:588} INFO - Filling up the DagBag from /opt/airflow/dags/dag.py
[2024-11-11T16:10:21.363+0000] {processor.py:925} INFO - DAG(s) 'fetch_and_store_amazon_books' retrieved from /opt/airflow/dags/dag.py
[2024-11-11T16:10:21.415+0000] {logging_mixin.py:190} INFO - [2024-11-11T16:10:21.414+0000] {dag.py:3239} INFO - Sync 1 DAGs
[2024-11-11T16:10:21.490+0000] {logging_mixin.py:190} INFO - [2024-11-11T16:10:21.489+0000] {dag.py:4180} INFO - Setting next_dagrun for fetch_and_store_amazon_books to 2024-11-11 00:00:00+00:00, run_after=2024-11-12 00:00:00+00:00
[2024-11-11T16:10:21.570+0000] {processor.py:208} INFO - Processing /opt/airflow/dags/dag.py took 0.481 seconds
[2024-11-11T16:10:52.202+0000] {processor.py:186} INFO - Started process (PID=5281) to work on /opt/airflow/dags/dag.py
[2024-11-11T16:10:52.203+0000] {processor.py:914} INFO - Processing file /opt/airflow/dags/dag.py for tasks to queue
[2024-11-11T16:10:52.210+0000] {logging_mixin.py:190} INFO - [2024-11-11T16:10:52.210+0000] {dagbag.py:588} INFO - Filling up the DagBag from /opt/airflow/dags/dag.py
[2024-11-11T16:10:52.423+0000] {processor.py:925} INFO - DAG(s) 'fetch_and_store_amazon_books' retrieved from /opt/airflow/dags/dag.py
[2024-11-11T16:10:52.458+0000] {logging_mixin.py:190} INFO - [2024-11-11T16:10:52.457+0000] {dag.py:3239} INFO - Sync 1 DAGs
[2024-11-11T16:10:52.495+0000] {logging_mixin.py:190} INFO - [2024-11-11T16:10:52.495+0000] {dag.py:4180} INFO - Setting next_dagrun for fetch_and_store_amazon_books to 2024-11-11 00:00:00+00:00, run_after=2024-11-12 00:00:00+00:00
[2024-11-11T16:10:52.531+0000] {processor.py:208} INFO - Processing /opt/airflow/dags/dag.py took 0.339 seconds
[2024-11-11T16:11:22.692+0000] {processor.py:186} INFO - Started process (PID=5344) to work on /opt/airflow/dags/dag.py
[2024-11-11T16:11:22.693+0000] {processor.py:914} INFO - Processing file /opt/airflow/dags/dag.py for tasks to queue
[2024-11-11T16:11:22.697+0000] {logging_mixin.py:190} INFO - [2024-11-11T16:11:22.696+0000] {dagbag.py:588} INFO - Filling up the DagBag from /opt/airflow/dags/dag.py
[2024-11-11T16:11:22.925+0000] {processor.py:925} INFO - DAG(s) 'fetch_and_store_amazon_books' retrieved from /opt/airflow/dags/dag.py
[2024-11-11T16:11:22.965+0000] {logging_mixin.py:190} INFO - [2024-11-11T16:11:22.964+0000] {dag.py:3239} INFO - Sync 1 DAGs
[2024-11-11T16:11:23.015+0000] {logging_mixin.py:190} INFO - [2024-11-11T16:11:23.015+0000] {dag.py:4180} INFO - Setting next_dagrun for fetch_and_store_amazon_books to 2024-11-11 00:00:00+00:00, run_after=2024-11-12 00:00:00+00:00
[2024-11-11T16:11:23.064+0000] {processor.py:208} INFO - Processing /opt/airflow/dags/dag.py took 0.380 seconds
[2024-11-11T16:11:53.790+0000] {processor.py:186} INFO - Started process (PID=5407) to work on /opt/airflow/dags/dag.py
[2024-11-11T16:11:53.793+0000] {processor.py:914} INFO - Processing file /opt/airflow/dags/dag.py for tasks to queue
[2024-11-11T16:11:53.801+0000] {logging_mixin.py:190} INFO - [2024-11-11T16:11:53.800+0000] {dagbag.py:588} INFO - Filling up the DagBag from /opt/airflow/dags/dag.py
[2024-11-11T16:11:54.029+0000] {processor.py:925} INFO - DAG(s) 'fetch_and_store_amazon_books' retrieved from /opt/airflow/dags/dag.py
[2024-11-11T16:11:54.066+0000] {logging_mixin.py:190} INFO - [2024-11-11T16:11:54.065+0000] {dag.py:3239} INFO - Sync 1 DAGs
[2024-11-11T16:11:54.115+0000] {logging_mixin.py:190} INFO - [2024-11-11T16:11:54.114+0000] {dag.py:4180} INFO - Setting next_dagrun for fetch_and_store_amazon_books to 2024-11-11 00:00:00+00:00, run_after=2024-11-12 00:00:00+00:00
[2024-11-11T16:11:54.166+0000] {processor.py:208} INFO - Processing /opt/airflow/dags/dag.py took 0.396 seconds
[2024-11-11T16:12:20.454+0000] {processor.py:186} INFO - Started process (PID=5465) to work on /opt/airflow/dags/dag.py
[2024-11-11T16:12:20.456+0000] {processor.py:914} INFO - Processing file /opt/airflow/dags/dag.py for tasks to queue
[2024-11-11T16:12:20.460+0000] {logging_mixin.py:190} INFO - [2024-11-11T16:12:20.460+0000] {dagbag.py:588} INFO - Filling up the DagBag from /opt/airflow/dags/dag.py
[2024-11-11T16:12:20.670+0000] {processor.py:925} INFO - DAG(s) 'fetch_and_store_amazon_books' retrieved from /opt/airflow/dags/dag.py
[2024-11-11T16:12:20.861+0000] {logging_mixin.py:190} INFO - [2024-11-11T16:12:20.859+0000] {dag.py:3239} INFO - Sync 1 DAGs
[2024-11-11T16:12:20.903+0000] {logging_mixin.py:190} INFO - [2024-11-11T16:12:20.903+0000] {dag.py:4180} INFO - Setting next_dagrun for fetch_and_store_amazon_books to 2024-11-11 00:00:00+00:00, run_after=2024-11-12 00:00:00+00:00
[2024-11-11T16:12:20.954+0000] {processor.py:208} INFO - Processing /opt/airflow/dags/dag.py took 0.508 seconds
[2024-11-11T16:12:24.927+0000] {processor.py:186} INFO - Started process (PID=5473) to work on /opt/airflow/dags/dag.py
[2024-11-11T16:12:24.929+0000] {processor.py:914} INFO - Processing file /opt/airflow/dags/dag.py for tasks to queue
[2024-11-11T16:12:24.933+0000] {logging_mixin.py:190} INFO - [2024-11-11T16:12:24.933+0000] {dagbag.py:588} INFO - Filling up the DagBag from /opt/airflow/dags/dag.py
[2024-11-11T16:12:25.134+0000] {processor.py:925} INFO - DAG(s) 'fetch_and_store_amazon_books' retrieved from /opt/airflow/dags/dag.py
[2024-11-11T16:12:25.153+0000] {logging_mixin.py:190} INFO - [2024-11-11T16:12:25.152+0000] {dag.py:3239} INFO - Sync 1 DAGs
[2024-11-11T16:12:25.193+0000] {logging_mixin.py:190} INFO - [2024-11-11T16:12:25.192+0000] {dag.py:4180} INFO - Setting next_dagrun for fetch_and_store_amazon_books to 2024-11-11 00:00:00+00:00, run_after=2024-11-12 00:00:00+00:00
[2024-11-11T16:12:25.243+0000] {processor.py:208} INFO - Processing /opt/airflow/dags/dag.py took 0.326 seconds
[2024-11-11T16:12:55.487+0000] {processor.py:186} INFO - Started process (PID=5537) to work on /opt/airflow/dags/dag.py
[2024-11-11T16:12:55.489+0000] {processor.py:914} INFO - Processing file /opt/airflow/dags/dag.py for tasks to queue
[2024-11-11T16:12:55.494+0000] {logging_mixin.py:190} INFO - [2024-11-11T16:12:55.494+0000] {dagbag.py:588} INFO - Filling up the DagBag from /opt/airflow/dags/dag.py
[2024-11-11T16:12:55.739+0000] {processor.py:925} INFO - DAG(s) 'fetch_and_store_amazon_books' retrieved from /opt/airflow/dags/dag.py
[2024-11-11T16:12:55.781+0000] {logging_mixin.py:190} INFO - [2024-11-11T16:12:55.780+0000] {dag.py:3239} INFO - Sync 1 DAGs
[2024-11-11T16:12:55.827+0000] {logging_mixin.py:190} INFO - [2024-11-11T16:12:55.826+0000] {dag.py:4180} INFO - Setting next_dagrun for fetch_and_store_amazon_books to 2024-11-11 00:00:00+00:00, run_after=2024-11-12 00:00:00+00:00
[2024-11-11T16:12:55.878+0000] {processor.py:208} INFO - Processing /opt/airflow/dags/dag.py took 0.402 seconds
[2024-11-11T16:13:26.228+0000] {processor.py:186} INFO - Started process (PID=5600) to work on /opt/airflow/dags/dag.py
[2024-11-11T16:13:26.230+0000] {processor.py:914} INFO - Processing file /opt/airflow/dags/dag.py for tasks to queue
[2024-11-11T16:13:26.234+0000] {logging_mixin.py:190} INFO - [2024-11-11T16:13:26.234+0000] {dagbag.py:588} INFO - Filling up the DagBag from /opt/airflow/dags/dag.py
[2024-11-11T16:13:26.417+0000] {processor.py:925} INFO - DAG(s) 'fetch_and_store_amazon_books' retrieved from /opt/airflow/dags/dag.py
[2024-11-11T16:13:26.448+0000] {logging_mixin.py:190} INFO - [2024-11-11T16:13:26.448+0000] {dag.py:3239} INFO - Sync 1 DAGs
[2024-11-11T16:13:26.487+0000] {logging_mixin.py:190} INFO - [2024-11-11T16:13:26.487+0000] {dag.py:4180} INFO - Setting next_dagrun for fetch_and_store_amazon_books to 2024-11-11 00:00:00+00:00, run_after=2024-11-12 00:00:00+00:00
[2024-11-11T16:13:26.525+0000] {processor.py:208} INFO - Processing /opt/airflow/dags/dag.py took 0.305 seconds
[2024-11-11T16:13:56.902+0000] {processor.py:186} INFO - Started process (PID=5664) to work on /opt/airflow/dags/dag.py
[2024-11-11T16:13:56.903+0000] {processor.py:914} INFO - Processing file /opt/airflow/dags/dag.py for tasks to queue
[2024-11-11T16:13:56.906+0000] {logging_mixin.py:190} INFO - [2024-11-11T16:13:56.906+0000] {dagbag.py:588} INFO - Filling up the DagBag from /opt/airflow/dags/dag.py
[2024-11-11T16:13:57.071+0000] {processor.py:925} INFO - DAG(s) 'fetch_and_store_amazon_books' retrieved from /opt/airflow/dags/dag.py
[2024-11-11T16:13:57.101+0000] {logging_mixin.py:190} INFO - [2024-11-11T16:13:57.101+0000] {dag.py:3239} INFO - Sync 1 DAGs
[2024-11-11T16:13:57.136+0000] {logging_mixin.py:190} INFO - [2024-11-11T16:13:57.135+0000] {dag.py:4180} INFO - Setting next_dagrun for fetch_and_store_amazon_books to 2024-11-11 00:00:00+00:00, run_after=2024-11-12 00:00:00+00:00
[2024-11-11T16:13:57.165+0000] {processor.py:208} INFO - Processing /opt/airflow/dags/dag.py took 0.272 seconds
[2024-11-11T16:14:27.720+0000] {processor.py:186} INFO - Started process (PID=5726) to work on /opt/airflow/dags/dag.py
[2024-11-11T16:14:27.722+0000] {processor.py:914} INFO - Processing file /opt/airflow/dags/dag.py for tasks to queue
[2024-11-11T16:14:27.730+0000] {logging_mixin.py:190} INFO - [2024-11-11T16:14:27.729+0000] {dagbag.py:588} INFO - Filling up the DagBag from /opt/airflow/dags/dag.py
[2024-11-11T16:14:27.989+0000] {processor.py:925} INFO - DAG(s) 'fetch_and_store_amazon_books' retrieved from /opt/airflow/dags/dag.py
[2024-11-11T16:14:28.037+0000] {logging_mixin.py:190} INFO - [2024-11-11T16:14:28.036+0000] {dag.py:3239} INFO - Sync 1 DAGs
[2024-11-11T16:14:28.098+0000] {logging_mixin.py:190} INFO - [2024-11-11T16:14:28.098+0000] {dag.py:4180} INFO - Setting next_dagrun for fetch_and_store_amazon_books to 2024-11-11 00:00:00+00:00, run_after=2024-11-12 00:00:00+00:00
[2024-11-11T16:14:28.150+0000] {processor.py:208} INFO - Processing /opt/airflow/dags/dag.py took 0.441 seconds
[2024-11-11T16:14:58.252+0000] {processor.py:186} INFO - Started process (PID=5788) to work on /opt/airflow/dags/dag.py
[2024-11-11T16:14:58.253+0000] {processor.py:914} INFO - Processing file /opt/airflow/dags/dag.py for tasks to queue
[2024-11-11T16:14:58.257+0000] {logging_mixin.py:190} INFO - [2024-11-11T16:14:58.256+0000] {dagbag.py:588} INFO - Filling up the DagBag from /opt/airflow/dags/dag.py
[2024-11-11T16:14:58.423+0000] {processor.py:925} INFO - DAG(s) 'fetch_and_store_amazon_books' retrieved from /opt/airflow/dags/dag.py
[2024-11-11T16:14:58.454+0000] {logging_mixin.py:190} INFO - [2024-11-11T16:14:58.453+0000] {dag.py:3239} INFO - Sync 1 DAGs
[2024-11-11T16:14:58.486+0000] {logging_mixin.py:190} INFO - [2024-11-11T16:14:58.486+0000] {dag.py:4180} INFO - Setting next_dagrun for fetch_and_store_amazon_books to 2024-11-11 00:00:00+00:00, run_after=2024-11-12 00:00:00+00:00
[2024-11-11T16:14:58.518+0000] {processor.py:208} INFO - Processing /opt/airflow/dags/dag.py took 0.274 seconds
[2024-11-11T16:15:28.805+0000] {processor.py:186} INFO - Started process (PID=5851) to work on /opt/airflow/dags/dag.py
[2024-11-11T16:15:28.807+0000] {processor.py:914} INFO - Processing file /opt/airflow/dags/dag.py for tasks to queue
[2024-11-11T16:15:28.813+0000] {logging_mixin.py:190} INFO - [2024-11-11T16:15:28.812+0000] {dagbag.py:588} INFO - Filling up the DagBag from /opt/airflow/dags/dag.py
[2024-11-11T16:15:29.001+0000] {processor.py:925} INFO - DAG(s) 'fetch_and_store_amazon_books' retrieved from /opt/airflow/dags/dag.py
[2024-11-11T16:15:29.035+0000] {logging_mixin.py:190} INFO - [2024-11-11T16:15:29.034+0000] {dag.py:3239} INFO - Sync 1 DAGs
[2024-11-11T16:15:29.068+0000] {logging_mixin.py:190} INFO - [2024-11-11T16:15:29.067+0000] {dag.py:4180} INFO - Setting next_dagrun for fetch_and_store_amazon_books to 2024-11-11 00:00:00+00:00, run_after=2024-11-12 00:00:00+00:00
[2024-11-11T16:15:29.109+0000] {processor.py:208} INFO - Processing /opt/airflow/dags/dag.py took 0.314 seconds
[2024-11-11T16:15:59.467+0000] {processor.py:186} INFO - Started process (PID=5915) to work on /opt/airflow/dags/dag.py
[2024-11-11T16:15:59.470+0000] {processor.py:914} INFO - Processing file /opt/airflow/dags/dag.py for tasks to queue
[2024-11-11T16:15:59.474+0000] {logging_mixin.py:190} INFO - [2024-11-11T16:15:59.474+0000] {dagbag.py:588} INFO - Filling up the DagBag from /opt/airflow/dags/dag.py
[2024-11-11T16:15:59.683+0000] {processor.py:925} INFO - DAG(s) 'fetch_and_store_amazon_books' retrieved from /opt/airflow/dags/dag.py
[2024-11-11T16:15:59.721+0000] {logging_mixin.py:190} INFO - [2024-11-11T16:15:59.720+0000] {dag.py:3239} INFO - Sync 1 DAGs
[2024-11-11T16:15:59.755+0000] {logging_mixin.py:190} INFO - [2024-11-11T16:15:59.755+0000] {dag.py:4180} INFO - Setting next_dagrun for fetch_and_store_amazon_books to 2024-11-11 00:00:00+00:00, run_after=2024-11-12 00:00:00+00:00
[2024-11-11T16:15:59.793+0000] {processor.py:208} INFO - Processing /opt/airflow/dags/dag.py took 0.338 seconds
[2024-11-11T16:16:29.914+0000] {processor.py:186} INFO - Started process (PID=5978) to work on /opt/airflow/dags/dag.py
[2024-11-11T16:16:29.916+0000] {processor.py:914} INFO - Processing file /opt/airflow/dags/dag.py for tasks to queue
[2024-11-11T16:16:29.921+0000] {logging_mixin.py:190} INFO - [2024-11-11T16:16:29.920+0000] {dagbag.py:588} INFO - Filling up the DagBag from /opt/airflow/dags/dag.py
[2024-11-11T16:16:30.141+0000] {processor.py:925} INFO - DAG(s) 'fetch_and_store_amazon_books' retrieved from /opt/airflow/dags/dag.py
[2024-11-11T16:16:30.175+0000] {logging_mixin.py:190} INFO - [2024-11-11T16:16:30.174+0000] {dag.py:3239} INFO - Sync 1 DAGs
[2024-11-11T16:16:30.211+0000] {logging_mixin.py:190} INFO - [2024-11-11T16:16:30.211+0000] {dag.py:4180} INFO - Setting next_dagrun for fetch_and_store_amazon_books to 2024-11-11 00:00:00+00:00, run_after=2024-11-12 00:00:00+00:00
[2024-11-11T16:16:30.251+0000] {processor.py:208} INFO - Processing /opt/airflow/dags/dag.py took 0.347 seconds
[2024-11-11T16:17:00.459+0000] {processor.py:186} INFO - Started process (PID=6041) to work on /opt/airflow/dags/dag.py
[2024-11-11T16:17:00.461+0000] {processor.py:914} INFO - Processing file /opt/airflow/dags/dag.py for tasks to queue
[2024-11-11T16:17:00.464+0000] {logging_mixin.py:190} INFO - [2024-11-11T16:17:00.464+0000] {dagbag.py:588} INFO - Filling up the DagBag from /opt/airflow/dags/dag.py
[2024-11-11T16:17:00.637+0000] {processor.py:925} INFO - DAG(s) 'fetch_and_store_amazon_books' retrieved from /opt/airflow/dags/dag.py
[2024-11-11T16:17:00.676+0000] {logging_mixin.py:190} INFO - [2024-11-11T16:17:00.675+0000] {dag.py:3239} INFO - Sync 1 DAGs
[2024-11-11T16:17:00.726+0000] {logging_mixin.py:190} INFO - [2024-11-11T16:17:00.725+0000] {dag.py:4180} INFO - Setting next_dagrun for fetch_and_store_amazon_books to 2024-11-11 00:00:00+00:00, run_after=2024-11-12 00:00:00+00:00
[2024-11-11T16:17:00.776+0000] {processor.py:208} INFO - Processing /opt/airflow/dags/dag.py took 0.326 seconds
[2024-11-11T16:17:31.133+0000] {processor.py:186} INFO - Started process (PID=6104) to work on /opt/airflow/dags/dag.py
[2024-11-11T16:17:31.135+0000] {processor.py:914} INFO - Processing file /opt/airflow/dags/dag.py for tasks to queue
[2024-11-11T16:17:31.139+0000] {logging_mixin.py:190} INFO - [2024-11-11T16:17:31.139+0000] {dagbag.py:588} INFO - Filling up the DagBag from /opt/airflow/dags/dag.py
[2024-11-11T16:17:31.325+0000] {processor.py:925} INFO - DAG(s) 'fetch_and_store_amazon_books' retrieved from /opt/airflow/dags/dag.py
[2024-11-11T16:17:31.359+0000] {logging_mixin.py:190} INFO - [2024-11-11T16:17:31.358+0000] {dag.py:3239} INFO - Sync 1 DAGs
[2024-11-11T16:17:31.393+0000] {logging_mixin.py:190} INFO - [2024-11-11T16:17:31.392+0000] {dag.py:4180} INFO - Setting next_dagrun for fetch_and_store_amazon_books to 2024-11-11 00:00:00+00:00, run_after=2024-11-12 00:00:00+00:00
[2024-11-11T16:17:31.429+0000] {processor.py:208} INFO - Processing /opt/airflow/dags/dag.py took 0.305 seconds
[2024-11-11T16:18:02.141+0000] {processor.py:186} INFO - Started process (PID=6167) to work on /opt/airflow/dags/dag.py
[2024-11-11T16:18:02.145+0000] {processor.py:914} INFO - Processing file /opt/airflow/dags/dag.py for tasks to queue
[2024-11-11T16:18:02.150+0000] {logging_mixin.py:190} INFO - [2024-11-11T16:18:02.149+0000] {dagbag.py:588} INFO - Filling up the DagBag from /opt/airflow/dags/dag.py
[2024-11-11T16:18:02.397+0000] {processor.py:925} INFO - DAG(s) 'fetch_and_store_amazon_books' retrieved from /opt/airflow/dags/dag.py
[2024-11-11T16:18:02.439+0000] {logging_mixin.py:190} INFO - [2024-11-11T16:18:02.438+0000] {dag.py:3239} INFO - Sync 1 DAGs
[2024-11-11T16:18:02.488+0000] {logging_mixin.py:190} INFO - [2024-11-11T16:18:02.488+0000] {dag.py:4180} INFO - Setting next_dagrun for fetch_and_store_amazon_books to 2024-11-11 00:00:00+00:00, run_after=2024-11-12 00:00:00+00:00
[2024-11-11T16:18:02.546+0000] {processor.py:208} INFO - Processing /opt/airflow/dags/dag.py took 0.417 seconds
[2024-11-11T16:18:33.398+0000] {processor.py:186} INFO - Started process (PID=6236) to work on /opt/airflow/dags/dag.py
[2024-11-11T16:18:33.401+0000] {processor.py:914} INFO - Processing file /opt/airflow/dags/dag.py for tasks to queue
[2024-11-11T16:18:33.405+0000] {logging_mixin.py:190} INFO - [2024-11-11T16:18:33.405+0000] {dagbag.py:588} INFO - Filling up the DagBag from /opt/airflow/dags/dag.py
[2024-11-11T16:18:33.590+0000] {processor.py:925} INFO - DAG(s) 'fetch_and_store_amazon_books' retrieved from /opt/airflow/dags/dag.py
[2024-11-11T16:18:33.625+0000] {logging_mixin.py:190} INFO - [2024-11-11T16:18:33.624+0000] {dag.py:3239} INFO - Sync 1 DAGs
[2024-11-11T16:18:33.669+0000] {logging_mixin.py:190} INFO - [2024-11-11T16:18:33.669+0000] {dag.py:4180} INFO - Setting next_dagrun for fetch_and_store_amazon_books to 2024-11-11 00:00:00+00:00, run_after=2024-11-12 00:00:00+00:00
[2024-11-11T16:18:33.712+0000] {processor.py:208} INFO - Processing /opt/airflow/dags/dag.py took 0.325 seconds
[2024-11-11T16:19:03.940+0000] {processor.py:186} INFO - Started process (PID=6299) to work on /opt/airflow/dags/dag.py
[2024-11-11T16:19:03.942+0000] {processor.py:914} INFO - Processing file /opt/airflow/dags/dag.py for tasks to queue
[2024-11-11T16:19:03.947+0000] {logging_mixin.py:190} INFO - [2024-11-11T16:19:03.946+0000] {dagbag.py:588} INFO - Filling up the DagBag from /opt/airflow/dags/dag.py
[2024-11-11T16:19:04.145+0000] {processor.py:925} INFO - DAG(s) 'fetch_and_store_amazon_books' retrieved from /opt/airflow/dags/dag.py
[2024-11-11T16:19:04.186+0000] {logging_mixin.py:190} INFO - [2024-11-11T16:19:04.185+0000] {dag.py:3239} INFO - Sync 1 DAGs
[2024-11-11T16:19:04.226+0000] {logging_mixin.py:190} INFO - [2024-11-11T16:19:04.225+0000] {dag.py:4180} INFO - Setting next_dagrun for fetch_and_store_amazon_books to 2024-11-11 00:00:00+00:00, run_after=2024-11-12 00:00:00+00:00
[2024-11-11T16:19:04.261+0000] {processor.py:208} INFO - Processing /opt/airflow/dags/dag.py took 0.330 seconds
[2024-11-11T16:19:34.691+0000] {processor.py:186} INFO - Started process (PID=6362) to work on /opt/airflow/dags/dag.py
[2024-11-11T16:19:34.694+0000] {processor.py:914} INFO - Processing file /opt/airflow/dags/dag.py for tasks to queue
[2024-11-11T16:19:34.699+0000] {logging_mixin.py:190} INFO - [2024-11-11T16:19:34.698+0000] {dagbag.py:588} INFO - Filling up the DagBag from /opt/airflow/dags/dag.py
[2024-11-11T16:19:34.892+0000] {processor.py:925} INFO - DAG(s) 'fetch_and_store_amazon_books' retrieved from /opt/airflow/dags/dag.py
[2024-11-11T16:19:34.933+0000] {logging_mixin.py:190} INFO - [2024-11-11T16:19:34.932+0000] {dag.py:3239} INFO - Sync 1 DAGs
[2024-11-11T16:19:34.977+0000] {logging_mixin.py:190} INFO - [2024-11-11T16:19:34.976+0000] {dag.py:4180} INFO - Setting next_dagrun for fetch_and_store_amazon_books to 2024-11-11 00:00:00+00:00, run_after=2024-11-12 00:00:00+00:00
[2024-11-11T16:19:35.020+0000] {processor.py:208} INFO - Processing /opt/airflow/dags/dag.py took 0.338 seconds
[2024-11-11T16:20:05.358+0000] {processor.py:186} INFO - Started process (PID=6425) to work on /opt/airflow/dags/dag.py
[2024-11-11T16:20:05.360+0000] {processor.py:914} INFO - Processing file /opt/airflow/dags/dag.py for tasks to queue
[2024-11-11T16:20:05.364+0000] {logging_mixin.py:190} INFO - [2024-11-11T16:20:05.364+0000] {dagbag.py:588} INFO - Filling up the DagBag from /opt/airflow/dags/dag.py
[2024-11-11T16:20:05.552+0000] {processor.py:925} INFO - DAG(s) 'fetch_and_store_amazon_books' retrieved from /opt/airflow/dags/dag.py
[2024-11-11T16:20:05.592+0000] {logging_mixin.py:190} INFO - [2024-11-11T16:20:05.590+0000] {dag.py:3239} INFO - Sync 1 DAGs
[2024-11-11T16:20:05.636+0000] {logging_mixin.py:190} INFO - [2024-11-11T16:20:05.636+0000] {dag.py:4180} INFO - Setting next_dagrun for fetch_and_store_amazon_books to 2024-11-11 00:00:00+00:00, run_after=2024-11-12 00:00:00+00:00
[2024-11-11T16:20:05.673+0000] {processor.py:208} INFO - Processing /opt/airflow/dags/dag.py took 0.324 seconds
[2024-11-11T16:20:35.934+0000] {processor.py:186} INFO - Started process (PID=6488) to work on /opt/airflow/dags/dag.py
[2024-11-11T16:20:35.936+0000] {processor.py:914} INFO - Processing file /opt/airflow/dags/dag.py for tasks to queue
[2024-11-11T16:20:35.941+0000] {logging_mixin.py:190} INFO - [2024-11-11T16:20:35.941+0000] {dagbag.py:588} INFO - Filling up the DagBag from /opt/airflow/dags/dag.py
[2024-11-11T16:20:36.127+0000] {processor.py:925} INFO - DAG(s) 'fetch_and_store_amazon_books' retrieved from /opt/airflow/dags/dag.py
[2024-11-11T16:20:36.158+0000] {logging_mixin.py:190} INFO - [2024-11-11T16:20:36.157+0000] {dag.py:3239} INFO - Sync 1 DAGs
[2024-11-11T16:20:36.187+0000] {logging_mixin.py:190} INFO - [2024-11-11T16:20:36.187+0000] {dag.py:4180} INFO - Setting next_dagrun for fetch_and_store_amazon_books to 2024-11-11 00:00:00+00:00, run_after=2024-11-12 00:00:00+00:00
[2024-11-11T16:20:36.216+0000] {processor.py:208} INFO - Processing /opt/airflow/dags/dag.py took 0.294 seconds
[2024-11-11T16:21:06.946+0000] {processor.py:186} INFO - Started process (PID=6551) to work on /opt/airflow/dags/dag.py
[2024-11-11T16:21:06.949+0000] {processor.py:914} INFO - Processing file /opt/airflow/dags/dag.py for tasks to queue
[2024-11-11T16:21:06.955+0000] {logging_mixin.py:190} INFO - [2024-11-11T16:21:06.954+0000] {dagbag.py:588} INFO - Filling up the DagBag from /opt/airflow/dags/dag.py
[2024-11-11T16:21:07.134+0000] {processor.py:925} INFO - DAG(s) 'fetch_and_store_amazon_books' retrieved from /opt/airflow/dags/dag.py
[2024-11-11T16:21:07.163+0000] {logging_mixin.py:190} INFO - [2024-11-11T16:21:07.163+0000] {dag.py:3239} INFO - Sync 1 DAGs
[2024-11-11T16:21:07.196+0000] {logging_mixin.py:190} INFO - [2024-11-11T16:21:07.196+0000] {dag.py:4180} INFO - Setting next_dagrun for fetch_and_store_amazon_books to 2024-11-11 00:00:00+00:00, run_after=2024-11-12 00:00:00+00:00
[2024-11-11T16:21:07.228+0000] {processor.py:208} INFO - Processing /opt/airflow/dags/dag.py took 0.292 seconds
