[2024-11-11T16:09:29.792+0000] {local_task_job_runner.py:123} INFO - ::group::Pre task execution logs
[2024-11-11T16:09:29.839+0000] {taskinstance.py:2612} INFO - Dependencies all met for dep_context=non-requeueable deps ti=<TaskInstance: fetch_and_store_amazon_books.insert_book_data scheduled__2024-11-08T00:00:00+00:00 [queued]>
[2024-11-11T16:09:29.861+0000] {taskinstance.py:2612} INFO - Dependencies all met for dep_context=requeueable deps ti=<TaskInstance: fetch_and_store_amazon_books.insert_book_data scheduled__2024-11-08T00:00:00+00:00 [queued]>
[2024-11-11T16:09:29.862+0000] {taskinstance.py:2865} INFO - Starting attempt 1 of 2
[2024-11-11T16:09:29.900+0000] {taskinstance.py:2888} INFO - Executing <Task(PythonOperator): insert_book_data> on 2024-11-08 00:00:00+00:00
[2024-11-11T16:09:29.913+0000] {warnings.py:112} WARNING - /home/***/.local/lib/python3.12/site-packages/***/task/task_runner/standard_task_runner.py:70: DeprecationWarning: This process (pid=605) is multi-threaded, use of fork() may lead to deadlocks in the child.
  pid = os.fork()

[2024-11-11T16:09:29.916+0000] {standard_task_runner.py:72} INFO - Started process 607 to run task
[2024-11-11T16:09:29.916+0000] {standard_task_runner.py:104} INFO - Running: ['***', 'tasks', 'run', 'fetch_and_store_amazon_books', 'insert_book_data', 'scheduled__2024-11-08T00:00:00+00:00', '--job-id', '15', '--raw', '--subdir', 'DAGS_FOLDER/dag.py', '--cfg-path', '/tmp/tmpylnsl9j7']
[2024-11-11T16:09:29.918+0000] {standard_task_runner.py:105} INFO - Job 15: Subtask insert_book_data
[2024-11-11T16:09:30.020+0000] {task_command.py:467} INFO - Running <TaskInstance: fetch_and_store_amazon_books.insert_book_data scheduled__2024-11-08T00:00:00+00:00 [running]> on host 827d93f9030f
[2024-11-11T16:09:30.154+0000] {taskinstance.py:3131} INFO - Exporting env vars: AIRFLOW_CTX_DAG_OWNER='***' AIRFLOW_CTX_DAG_ID='fetch_and_store_amazon_books' AIRFLOW_CTX_TASK_ID='insert_book_data' AIRFLOW_CTX_EXECUTION_DATE='2024-11-08T00:00:00+00:00' AIRFLOW_CTX_TRY_NUMBER='1' AIRFLOW_CTX_DAG_RUN_ID='scheduled__2024-11-08T00:00:00+00:00'
[2024-11-11T16:09:30.156+0000] {logging_mixin.py:190} INFO - Task instance is in running state
[2024-11-11T16:09:30.157+0000] {logging_mixin.py:190} INFO -  Previous state of the Task instance: queued
[2024-11-11T16:09:30.157+0000] {logging_mixin.py:190} INFO - Current task name:insert_book_data state:running start_date:2024-11-11 16:09:29.841107+00:00
[2024-11-11T16:09:30.158+0000] {logging_mixin.py:190} INFO - Dag name:fetch_and_store_amazon_books and current dag run status:running
[2024-11-11T16:09:30.159+0000] {taskinstance.py:731} INFO - ::endgroup::
[2024-11-11T16:09:30.187+0000] {base.py:84} INFO - Retrieving connection 'books_connection'
[2024-11-11T16:09:30.193+0000] {sql.py:509} INFO - Running statement: 
    INSERT INTO books (title, authors, price, rating)
    VALUES (%s, %s, %s, %s)
    , parameters: ('Data Engineering with AWS - Second Edition: Acquire the skills to design and build AWS-based data transformation pipelines like a pro', 'Gareth Eagar', '41.', '4.3 out of 5 stars')
[2024-11-11T16:09:30.196+0000] {sql.py:518} INFO - Rows affected: 1
[2024-11-11T16:09:30.209+0000] {base.py:84} INFO - Retrieving connection 'books_connection'
[2024-11-11T16:09:30.214+0000] {sql.py:509} INFO - Running statement: 
    INSERT INTO books (title, authors, price, rating)
    VALUES (%s, %s, %s, %s)
    , parameters: ('Next Generation Data Management: Using Your Data Assets to Drive Mission Success', 'Dr Mark Brady', '38.', '4.4 out of 5 stars')
[2024-11-11T16:09:30.217+0000] {sql.py:518} INFO - Rows affected: 1
[2024-11-11T16:09:30.231+0000] {base.py:84} INFO - Retrieving connection 'books_connection'
[2024-11-11T16:09:30.238+0000] {sql.py:509} INFO - Running statement: 
    INSERT INTO books (title, authors, price, rating)
    VALUES (%s, %s, %s, %s)
    , parameters: ('Data Engineering 101', 'Paperback', '22.', '3.9 out of 5 stars')
[2024-11-11T16:09:30.241+0000] {sql.py:518} INFO - Rows affected: 1
[2024-11-11T16:09:30.255+0000] {base.py:84} INFO - Retrieving connection 'books_connection'
[2024-11-11T16:09:30.260+0000] {sql.py:509} INFO - Running statement: 
    INSERT INTO books (title, authors, price, rating)
    VALUES (%s, %s, %s, %s)
    , parameters: ('Azure Data Engineer Associate Certification Guide: Ace the DP-203 exam with advanced data engineering skills', 'Giacinto Palmieri', '37.', '4.3 out of 5 stars')
[2024-11-11T16:09:30.263+0000] {sql.py:518} INFO - Rows affected: 1
[2024-11-11T16:09:30.276+0000] {base.py:84} INFO - Retrieving connection 'books_connection'
[2024-11-11T16:09:30.282+0000] {sql.py:509} INFO - Running statement: 
    INSERT INTO books (title, authors, price, rating)
    VALUES (%s, %s, %s, %s)
    , parameters: ('Fundamentals of Data Engineering: Plan and Build Robust Data Systems', 'Joe Reis', '25.', '4.7 out of 5 stars')
[2024-11-11T16:09:30.284+0000] {sql.py:518} INFO - Rows affected: 1
[2024-11-11T16:09:30.297+0000] {base.py:84} INFO - Retrieving connection 'books_connection'
[2024-11-11T16:09:30.302+0000] {sql.py:509} INFO - Running statement: 
    INSERT INTO books (title, authors, price, rating)
    VALUES (%s, %s, %s, %s)
    , parameters: ('Data Engineering Best Practices: Architect robust and cost-effective data solutions in the cloud era', 'Richard J. Schiller', '49.', '5.0 out of 5 stars')
[2024-11-11T16:09:30.304+0000] {sql.py:518} INFO - Rows affected: 1
[2024-11-11T16:09:30.317+0000] {base.py:84} INFO - Retrieving connection 'books_connection'
[2024-11-11T16:09:30.322+0000] {sql.py:509} INFO - Running statement: 
    INSERT INTO books (title, authors, price, rating)
    VALUES (%s, %s, %s, %s)
    , parameters: ('Data Engineering with dbt: A practical guide to building a cloud-based, pragmatic, and dependable data platform with SQL', 'Roberto Zagni', '37.', '4.6 out of 5 stars')
[2024-11-11T16:09:30.325+0000] {sql.py:518} INFO - Rows affected: 1
[2024-11-11T16:09:30.339+0000] {base.py:84} INFO - Retrieving connection 'books_connection'
[2024-11-11T16:09:30.344+0000] {sql.py:509} INFO - Running statement: 
    INSERT INTO books (title, authors, price, rating)
    VALUES (%s, %s, %s, %s)
    , parameters: ('Data Modeling with Snowflake: A practical guide to accelerating Snowflake development using universal data modeling techniques', 'Serge Gershkovich', '36.', '4.8 out of 5 stars')
[2024-11-11T16:09:30.347+0000] {sql.py:518} INFO - Rows affected: 1
[2024-11-11T16:09:30.360+0000] {base.py:84} INFO - Retrieving connection 'books_connection'
[2024-11-11T16:09:30.366+0000] {sql.py:509} INFO - Running statement: 
    INSERT INTO books (title, authors, price, rating)
    VALUES (%s, %s, %s, %s)
    , parameters: ('Fundamentals of Data Analytics: Learn Essential Skills, Embrace the Future, and Catapult Your Career in the Data-Driven World—A Comprehensive Guide to Data Literacy for Beginners', 'Russell Dawson', '17.', '4.7 out of 5 stars')
[2024-11-11T16:09:30.368+0000] {sql.py:518} INFO - Rows affected: 1
[2024-11-11T16:09:30.381+0000] {base.py:84} INFO - Retrieving connection 'books_connection'
[2024-11-11T16:09:30.386+0000] {sql.py:509} INFO - Running statement: 
    INSERT INTO books (title, authors, price, rating)
    VALUES (%s, %s, %s, %s)
    , parameters: ('Designing Data-Intensive Applications: The Big Ideas Behind Reliable, Scalable, and Maintainable Systems', 'Martin Kleppmann', '46.', '4.7 out of 5 stars')
[2024-11-11T16:09:30.389+0000] {sql.py:518} INFO - Rows affected: 1
[2024-11-11T16:09:30.401+0000] {base.py:84} INFO - Retrieving connection 'books_connection'
[2024-11-11T16:09:30.406+0000] {sql.py:509} INFO - Running statement: 
    INSERT INTO books (title, authors, price, rating)
    VALUES (%s, %s, %s, %s)
    , parameters: ('Data Engineering with Python: Work with massive datasets to design data models and automate data pipelines using Python', 'Paul Crickard', '37.', '4.1 out of 5 stars')
[2024-11-11T16:09:30.410+0000] {sql.py:518} INFO - Rows affected: 1
[2024-11-11T16:09:30.422+0000] {base.py:84} INFO - Retrieving connection 'books_connection'
[2024-11-11T16:09:30.427+0000] {sql.py:509} INFO - Running statement: 
    INSERT INTO books (title, authors, price, rating)
    VALUES (%s, %s, %s, %s)
    , parameters: ('Data Engineering with Databricks Cookbook: Build effective data and AI solutions using Apache Spark, Databricks, and Delta Lake', 'Pulkit Chadha', '37.', '4.4 out of 5 stars')
[2024-11-11T16:09:30.430+0000] {sql.py:518} INFO - Rows affected: 1
[2024-11-11T16:09:30.442+0000] {base.py:84} INFO - Retrieving connection 'books_connection'
[2024-11-11T16:09:30.447+0000] {sql.py:509} INFO - Running statement: 
    INSERT INTO books (title, authors, price, rating)
    VALUES (%s, %s, %s, %s)
    , parameters: ('Data Pipelines Pocket Reference: Moving and Processing Data for Analytics', 'James Densmore', '17.', '4.5 out of 5 stars')
[2024-11-11T16:09:30.449+0000] {sql.py:518} INFO - Rows affected: 1
[2024-11-11T16:09:30.461+0000] {base.py:84} INFO - Retrieving connection 'books_connection'
[2024-11-11T16:09:30.466+0000] {sql.py:509} INFO - Running statement: 
    INSERT INTO books (title, authors, price, rating)
    VALUES (%s, %s, %s, %s)
    , parameters: ('Cracking the Data Engineering Interview: Land your dream job with the help of resume-building tips, over 100 mock questions, and a unique portfolio', 'Kedeisha Bryan', '26.', '4.4 out of 5 stars')
[2024-11-11T16:09:30.468+0000] {sql.py:518} INFO - Rows affected: 1
[2024-11-11T16:09:30.480+0000] {base.py:84} INFO - Retrieving connection 'books_connection'
[2024-11-11T16:09:30.485+0000] {sql.py:509} INFO - Running statement: 
    INSERT INTO books (title, authors, price, rating)
    VALUES (%s, %s, %s, %s)
    , parameters: ('Ace the Data Engineering Interview: Questions and Answers for Python, SQL, Data Modeling and More', 'Sean Coyne', '24.', '3.8 out of 5 stars')
[2024-11-11T16:09:30.487+0000] {sql.py:518} INFO - Rows affected: 1
[2024-11-11T16:09:30.499+0000] {base.py:84} INFO - Retrieving connection 'books_connection'
[2024-11-11T16:09:30.505+0000] {sql.py:509} INFO - Running statement: 
    INSERT INTO books (title, authors, price, rating)
    VALUES (%s, %s, %s, %s)
    , parameters: ('Data Engineering with Apache Spark, Delta Lake, and Lakehouse: Create scalable pipelines that ingest, curate, and aggregate complex data in a timely and secure way', 'Manoj Kukreja', '46.', '3.9 out of 5 stars')
[2024-11-11T16:09:30.507+0000] {sql.py:518} INFO - Rows affected: 1
[2024-11-11T16:09:30.520+0000] {base.py:84} INFO - Retrieving connection 'books_connection'
[2024-11-11T16:09:30.524+0000] {sql.py:509} INFO - Running statement: 
    INSERT INTO books (title, authors, price, rating)
    VALUES (%s, %s, %s, %s)
    , parameters: ('Data Engineering with AWS: Learn how to design and build cloud-based data transformation pipelines using AWS', 'Gareth Eagar', '49.', '4.4 out of 5 stars')
[2024-11-11T16:09:30.527+0000] {sql.py:518} INFO - Rows affected: 1
[2024-11-11T16:09:30.542+0000] {base.py:84} INFO - Retrieving connection 'books_connection'
[2024-11-11T16:09:30.547+0000] {sql.py:509} INFO - Running statement: 
    INSERT INTO books (title, authors, price, rating)
    VALUES (%s, %s, %s, %s)
    , parameters: ('Software Engineering for Data Scientists: From Notebooks to Scalable Systems', 'Catherine Nelson', '45.', '4.2 out of 5 stars')
[2024-11-11T16:09:30.550+0000] {sql.py:518} INFO - Rows affected: 1
[2024-11-11T16:09:30.564+0000] {base.py:84} INFO - Retrieving connection 'books_connection'
[2024-11-11T16:09:30.570+0000] {sql.py:509} INFO - Running statement: 
    INSERT INTO books (title, authors, price, rating)
    VALUES (%s, %s, %s, %s)
    , parameters: ('Data Engineering with Google Cloud Platform: A guide to leveling up as a data engineer by building a scalable data platform with Google Cloud', 'Adi Wijaya', '40.', '4.8 out of 5 stars')
[2024-11-11T16:09:30.572+0000] {sql.py:518} INFO - Rows affected: 1
[2024-11-11T16:09:30.585+0000] {base.py:84} INFO - Retrieving connection 'books_connection'
[2024-11-11T16:09:30.590+0000] {sql.py:509} INFO - Running statement: 
    INSERT INTO books (title, authors, price, rating)
    VALUES (%s, %s, %s, %s)
    , parameters: ('Data Engineering with AWS: Building Scalable Data Pipelines in the Cloud', 'May Sherry', '14.', '4.2 out of 5 stars')
[2024-11-11T16:09:30.593+0000] {sql.py:518} INFO - Rows affected: 1
[2024-11-11T16:09:30.608+0000] {base.py:84} INFO - Retrieving connection 'books_connection'
[2024-11-11T16:09:30.614+0000] {sql.py:509} INFO - Running statement: 
    INSERT INTO books (title, authors, price, rating)
    VALUES (%s, %s, %s, %s)
    , parameters: ('Microsoft Azure Data Engineering: A Microsoft Azure Cloud Data Engineering, Data Integration and Data Warehousing reference guide (The Data Engineering Series)', 'Kindle Edition', '0.', '4.2 out of 5 stars')
[2024-11-11T16:09:30.616+0000] {sql.py:518} INFO - Rows affected: 1
[2024-11-11T16:09:30.628+0000] {base.py:84} INFO - Retrieving connection 'books_connection'
[2024-11-11T16:09:30.633+0000] {sql.py:509} INFO - Running statement: 
    INSERT INTO books (title, authors, price, rating)
    VALUES (%s, %s, %s, %s)
    , parameters: ('Advanced Data Analytics with AWS: Explore Data Analysis Concepts in the Cloud to Gain Meaningful Insights and Build Robust Data Engineering Workflows Across Diverse Data Sources (English Edition)', 'Joseph Conley', '37.', '5.0 out of 5 stars')
[2024-11-11T16:09:30.635+0000] {sql.py:518} INFO - Rows affected: 1
[2024-11-11T16:09:30.647+0000] {base.py:84} INFO - Retrieving connection 'books_connection'
[2024-11-11T16:09:30.652+0000] {sql.py:509} INFO - Running statement: 
    INSERT INTO books (title, authors, price, rating)
    VALUES (%s, %s, %s, %s)
    , parameters: ('Python Data Engineering Resources: Forge Your Path to Success in Data Engineering, Machine Learning and AI', 'Vajo Lukic', '12.', '4.9 out of 5 stars')
[2024-11-11T16:09:30.654+0000] {sql.py:518} INFO - Rows affected: 1
[2024-11-11T16:09:30.665+0000] {base.py:84} INFO - Retrieving connection 'books_connection'
[2024-11-11T16:09:30.670+0000] {sql.py:509} INFO - Running statement: 
    INSERT INTO books (title, authors, price, rating)
    VALUES (%s, %s, %s, %s)
    , parameters: ('Essentials of Data Engineering', 'Dr. Mukesh Saini', '19.', '5.0 out of 5 stars')
[2024-11-11T16:09:30.672+0000] {sql.py:518} INFO - Rows affected: 1
[2024-11-11T16:09:30.685+0000] {base.py:84} INFO - Retrieving connection 'books_connection'
[2024-11-11T16:09:30.689+0000] {sql.py:509} INFO - Running statement: 
    INSERT INTO books (title, authors, price, rating)
    VALUES (%s, %s, %s, %s)
    , parameters: ('Data Engineering with Python cookbook: Learn to build efficient data pipelines using the Modern Cloud Data Stack', 'Adithyan Ramanujakootam', '32.', '5.0 out of 5 stars')
[2024-11-11T16:09:30.692+0000] {sql.py:518} INFO - Rows affected: 1
[2024-11-11T16:09:30.705+0000] {base.py:84} INFO - Retrieving connection 'books_connection'
[2024-11-11T16:09:30.710+0000] {sql.py:509} INFO - Running statement: 
    INSERT INTO books (title, authors, price, rating)
    VALUES (%s, %s, %s, %s)
    , parameters: ('Data-Driven Science and Engineering: Machine Learning, Dynamical Systems, and Control', 'Steven L. Brunton', '61.', '4.7 out of 5 stars')
[2024-11-11T16:09:30.712+0000] {sql.py:518} INFO - Rows affected: 1
[2024-11-11T16:09:30.723+0000] {base.py:84} INFO - Retrieving connection 'books_connection'
[2024-11-11T16:09:30.727+0000] {sql.py:509} INFO - Running statement: 
    INSERT INTO books (title, authors, price, rating)
    VALUES (%s, %s, %s, %s)
    , parameters: ('Data Engineering with Google Cloud Platform: A practical guide to operationalizing scalable data analytics systems on GCP', 'Adi Wijaya', '39.', '4.7 out of 5 stars')
[2024-11-11T16:09:30.729+0000] {sql.py:518} INFO - Rows affected: 1
[2024-11-11T16:09:30.740+0000] {base.py:84} INFO - Retrieving connection 'books_connection'
[2024-11-11T16:09:30.744+0000] {sql.py:509} INFO - Running statement: 
    INSERT INTO books (title, authors, price, rating)
    VALUES (%s, %s, %s, %s)
    , parameters: ('Data Engineering with AWS', 'May Sherry', '14.', '5.0 out of 5 stars')
[2024-11-11T16:09:30.747+0000] {sql.py:518} INFO - Rows affected: 1
[2024-11-11T16:09:30.758+0000] {base.py:84} INFO - Retrieving connection 'books_connection'
[2024-11-11T16:09:30.763+0000] {sql.py:509} INFO - Running statement: 
    INSERT INTO books (title, authors, price, rating)
    VALUES (%s, %s, %s, %s)
    , parameters: ("Engineering Data Mesh in Azure Cloud: Implement data mesh using Microsoft Azure's Cloud Adoption Framework", 'Paperback', '47.', '4.5 out of 5 stars')
[2024-11-11T16:09:30.765+0000] {sql.py:518} INFO - Rows affected: 1
[2024-11-11T16:09:30.777+0000] {base.py:84} INFO - Retrieving connection 'books_connection'
[2024-11-11T16:09:30.782+0000] {sql.py:509} INFO - Running statement: 
    INSERT INTO books (title, authors, price, rating)
    VALUES (%s, %s, %s, %s)
    , parameters: ("Azure Data Factory Cookbook: A data engineer's guide to building and managing ETL and ELT pipelines with data integration", 'Dmitry Foshin', '51.', '4.1 out of 5 stars')
[2024-11-11T16:09:30.784+0000] {sql.py:518} INFO - Rows affected: 1
[2024-11-11T16:09:30.797+0000] {base.py:84} INFO - Retrieving connection 'books_connection'
[2024-11-11T16:09:30.802+0000] {sql.py:509} INFO - Running statement: 
    INSERT INTO books (title, authors, price, rating)
    VALUES (%s, %s, %s, %s)
    , parameters: ("Ultimate Data Engineering with Databricks: Develop Scalable Data Pipelines Using Data Engineering's Core Tenets Such as Delta Tables, Ingestion, ... Security, and Scalability (English Edition)", 'Mayank Malhotra', '37.', '4.1 out of 5 stars')
[2024-11-11T16:09:30.805+0000] {sql.py:518} INFO - Rows affected: 1
[2024-11-11T16:09:30.821+0000] {base.py:84} INFO - Retrieving connection 'books_connection'
[2024-11-11T16:09:30.827+0000] {sql.py:509} INFO - Running statement: 
    INSERT INTO books (title, authors, price, rating)
    VALUES (%s, %s, %s, %s)
    , parameters: ('The Data Engineering Handbook: We are Data Engineers, we make things happen, we pull rabbits out of hats, and transform raw, noisy data into gold.', 'Paperback', '9.', '5.0 out of 5 stars')
[2024-11-11T16:09:30.829+0000] {sql.py:518} INFO - Rows affected: 1
[2024-11-11T16:09:30.842+0000] {base.py:84} INFO - Retrieving connection 'books_connection'
[2024-11-11T16:09:30.847+0000] {sql.py:509} INFO - Running statement: 
    INSERT INTO books (title, authors, price, rating)
    VALUES (%s, %s, %s, %s)
    , parameters: ('DATA ENGINEERING AND AI FOR BEGINNERS: Revolutionizing Data Processing and Analytics by Leveraging Artificial Intelligence for Efficient Input Collection, Storage, and Transformation (World of AI)', 'Kindle', '0.', '4.3 out of 5 stars')
[2024-11-11T16:09:30.849+0000] {sql.py:518} INFO - Rows affected: 1
[2024-11-11T16:09:30.862+0000] {base.py:84} INFO - Retrieving connection 'books_connection'
[2024-11-11T16:09:30.868+0000] {sql.py:509} INFO - Running statement: 
    INSERT INTO books (title, authors, price, rating)
    VALUES (%s, %s, %s, %s)
    , parameters: ('Machine Learning Engineering', 'Andriy Burkov', '39.', '4.7 out of 5 stars')
[2024-11-11T16:09:30.870+0000] {sql.py:518} INFO - Rows affected: 1
[2024-11-11T16:09:30.884+0000] {base.py:84} INFO - Retrieving connection 'books_connection'
[2024-11-11T16:09:30.889+0000] {sql.py:509} INFO - Running statement: 
    INSERT INTO books (title, authors, price, rating)
    VALUES (%s, %s, %s, %s)
    , parameters: ('97 Things Every Data Engineer Should Know: Collective Wisdom from the Experts', 'Audible Audiobook', '0.', '4.2 out of 5 stars')
[2024-11-11T16:09:30.892+0000] {sql.py:518} INFO - Rows affected: 1
[2024-11-11T16:09:30.906+0000] {base.py:84} INFO - Retrieving connection 'books_connection'
[2024-11-11T16:09:30.911+0000] {sql.py:509} INFO - Running statement: 
    INSERT INTO books (title, authors, price, rating)
    VALUES (%s, %s, %s, %s)
    , parameters: ('Prompt Engineering for Generative AI: Future-Proof Inputs for Reliable AI Outputs', 'James Phoenix', '53.', '4.5 out of 5 stars')
[2024-11-11T16:09:30.914+0000] {sql.py:518} INFO - Rows affected: 1
[2024-11-11T16:09:30.927+0000] {base.py:84} INFO - Retrieving connection 'books_connection'
[2024-11-11T16:09:30.932+0000] {sql.py:509} INFO - Running statement: 
    INSERT INTO books (title, authors, price, rating)
    VALUES (%s, %s, %s, %s)
    , parameters: ('Fundamentals of Data Visualization: A Primer on Making Informative and Compelling Figures', 'Claus O. Wilke', '49.', '4.6 out of 5 stars')
[2024-11-11T16:09:30.934+0000] {sql.py:518} INFO - Rows affected: 1
[2024-11-11T16:09:30.949+0000] {base.py:84} INFO - Retrieving connection 'books_connection'
[2024-11-11T16:09:30.955+0000] {sql.py:509} INFO - Running statement: 
    INSERT INTO books (title, authors, price, rating)
    VALUES (%s, %s, %s, %s)
    , parameters: ('Data Mesh: Delivering Data-Driven Value at Scale', 'Audible Audiobook', '0.', '4.5 out of 5 stars')
[2024-11-11T16:09:30.958+0000] {sql.py:518} INFO - Rows affected: 1
[2024-11-11T16:09:30.974+0000] {base.py:84} INFO - Retrieving connection 'books_connection'
[2024-11-11T16:09:30.980+0000] {sql.py:509} INFO - Running statement: 
    INSERT INTO books (title, authors, price, rating)
    VALUES (%s, %s, %s, %s)
    , parameters: ('Data Engineering with Alteryx: Helping data engineers apply DataOps practices with Alteryx', 'Paul Houghton', '44.', '4.3 out of 5 stars')
[2024-11-11T16:09:30.983+0000] {sql.py:518} INFO - Rows affected: 1
[2024-11-11T16:09:30.998+0000] {base.py:84} INFO - Retrieving connection 'books_connection'
[2024-11-11T16:09:31.005+0000] {sql.py:509} INFO - Running statement: 
    INSERT INTO books (title, authors, price, rating)
    VALUES (%s, %s, %s, %s)
    , parameters: ('Analytics Engineering with SQL and dbt: Building Meaningful Data Models at Scale', 'Rui Pedro Machado', '41.', '3.9 out of 5 stars')
[2024-11-11T16:09:31.009+0000] {sql.py:518} INFO - Rows affected: 1
[2024-11-11T16:09:31.025+0000] {base.py:84} INFO - Retrieving connection 'books_connection'
[2024-11-11T16:09:31.031+0000] {sql.py:509} INFO - Running statement: 
    INSERT INTO books (title, authors, price, rating)
    VALUES (%s, %s, %s, %s)
    , parameters: ('Data Privacy: A runbook for engineers', 'Nishant Bhajaria', '35.', '4.8 out of 5 stars')
[2024-11-11T16:09:31.035+0000] {sql.py:518} INFO - Rows affected: 1
[2024-11-11T16:09:31.049+0000] {base.py:84} INFO - Retrieving connection 'books_connection'
[2024-11-11T16:09:31.055+0000] {sql.py:509} INFO - Running statement: 
    INSERT INTO books (title, authors, price, rating)
    VALUES (%s, %s, %s, %s)
    , parameters: ('Official Google Cloud Certified Professional Data Engineer Study Guide', 'Dan Sullivan', '33.', '4.5 out of 5 stars')
[2024-11-11T16:09:31.058+0000] {sql.py:518} INFO - Rows affected: 1
[2024-11-11T16:09:31.075+0000] {base.py:84} INFO - Retrieving connection 'books_connection'
[2024-11-11T16:09:31.081+0000] {sql.py:509} INFO - Running statement: 
    INSERT INTO books (title, authors, price, rating)
    VALUES (%s, %s, %s, %s)
    , parameters: ('Data Engineering with Scala and Spark: A practical guide helping you build streaming and batch pipelines that process massive amounts of data using Scala', 'Eric Tome', '36.', '4.1 out of 5 stars')
[2024-11-11T16:09:31.084+0000] {sql.py:518} INFO - Rows affected: 1
[2024-11-11T16:09:31.097+0000] {base.py:84} INFO - Retrieving connection 'books_connection'
[2024-11-11T16:09:31.103+0000] {sql.py:509} INFO - Running statement: 
    INSERT INTO books (title, authors, price, rating)
    VALUES (%s, %s, %s, %s)
    , parameters: ('Data Engineering with Databricks', 'Kindle', '0.', '3.4 out of 5 stars')
[2024-11-11T16:09:31.106+0000] {sql.py:518} INFO - Rows affected: 1
[2024-11-11T16:09:31.121+0000] {base.py:84} INFO - Retrieving connection 'books_connection'
[2024-11-11T16:09:31.126+0000] {sql.py:509} INFO - Running statement: 
    INSERT INTO books (title, authors, price, rating)
    VALUES (%s, %s, %s, %s)
    , parameters: ('Fundamentals of Analytics Engineering: An introduction to building end-to-end analytics solutions', 'Dumky De Wilde', '27.', '3.9 out of 5 stars')
[2024-11-11T16:09:31.129+0000] {sql.py:518} INFO - Rows affected: 1
[2024-11-11T16:09:31.143+0000] {base.py:84} INFO - Retrieving connection 'books_connection'
[2024-11-11T16:09:31.149+0000] {sql.py:509} INFO - Running statement: 
    INSERT INTO books (title, authors, price, rating)
    VALUES (%s, %s, %s, %s)
    , parameters: ('Data Management at Scale: Modern Data Architecture with Data Mesh and Data Fabric', 'Piethein Strengholt', '47.', '4.4 out of 5 stars')
[2024-11-11T16:09:31.152+0000] {sql.py:518} INFO - Rows affected: 1
[2024-11-11T16:09:31.168+0000] {base.py:84} INFO - Retrieving connection 'books_connection'
[2024-11-11T16:09:31.173+0000] {sql.py:509} INFO - Running statement: 
    INSERT INTO books (title, authors, price, rating)
    VALUES (%s, %s, %s, %s)
    , parameters: ('Invisible Women: Data Bias in a World Designed for Men', 'Caroline Criado Perez', '15.', '4.6 out of 5 stars')
[2024-11-11T16:09:31.177+0000] {sql.py:518} INFO - Rows affected: 1
[2024-11-11T16:09:31.191+0000] {base.py:84} INFO - Retrieving connection 'books_connection'
[2024-11-11T16:09:31.197+0000] {sql.py:509} INFO - Running statement: 
    INSERT INTO books (title, authors, price, rating)
    VALUES (%s, %s, %s, %s)
    , parameters: ('Data Science on AWS: Implementing End-to-End, Continuous AI and Machine Learning Pipelines', 'Chris Fregly', '27.', '4.4 out of 5 stars')
[2024-11-11T16:09:31.200+0000] {sql.py:518} INFO - Rows affected: 1
[2024-11-11T16:09:31.214+0000] {base.py:84} INFO - Retrieving connection 'books_connection'
[2024-11-11T16:09:31.221+0000] {sql.py:509} INFO - Running statement: 
    INSERT INTO books (title, authors, price, rating)
    VALUES (%s, %s, %s, %s)
    , parameters: ('Modeling and Simulation in Python: An Introduction for Scientists and Engineers', 'Allen B. Downey', '32.', '4.5 out of 5 stars')
[2024-11-11T16:09:31.223+0000] {sql.py:518} INFO - Rows affected: 1
[2024-11-11T16:09:31.236+0000] {base.py:84} INFO - Retrieving connection 'books_connection'
[2024-11-11T16:09:31.242+0000] {sql.py:509} INFO - Running statement: 
    INSERT INTO books (title, authors, price, rating)
    VALUES (%s, %s, %s, %s)
    , parameters: ('Data Engineering Foundations: Core Techniques for Data Analysis with Pandas, NumPy, and Scikit-Learn (Advanced Data Analysis Series Book 1)', 'Kindle', '44.', '5.0 out of 5 stars')
[2024-11-11T16:09:31.244+0000] {sql.py:518} INFO - Rows affected: 1
[2024-11-11T16:09:31.248+0000] {python.py:240} INFO - Done. Returned value was: None
[2024-11-11T16:09:31.262+0000] {taskinstance.py:340} INFO - ::group::Post task execution logs
[2024-11-11T16:09:31.263+0000] {taskinstance.py:352} INFO - Marking task as SUCCESS. dag_id=fetch_and_store_amazon_books, task_id=insert_book_data, run_id=scheduled__2024-11-08T00:00:00+00:00, execution_date=20241108T000000, start_date=20241111T160929, end_date=20241111T160931
[2024-11-11T16:09:31.280+0000] {logging_mixin.py:190} INFO - Task instance in success state
[2024-11-11T16:09:31.280+0000] {logging_mixin.py:190} INFO -  Previous state of the Task instance: running
[2024-11-11T16:09:31.281+0000] {logging_mixin.py:190} INFO - Dag name:fetch_and_store_amazon_books queued_at:2024-11-11 16:03:38.476006+00:00
[2024-11-11T16:09:31.282+0000] {logging_mixin.py:190} INFO - Task hostname:827d93f9030f operator:PythonOperator
[2024-11-11T16:09:31.300+0000] {local_task_job_runner.py:266} INFO - Task exited with return code 0
[2024-11-11T16:09:31.321+0000] {taskinstance.py:3900} INFO - 0 downstream tasks scheduled from follow-on schedule check
[2024-11-11T16:09:31.324+0000] {local_task_job_runner.py:245} INFO - ::endgroup::
