[2024-11-11T16:04:27.122+0000] {local_task_job_runner.py:123} INFO - ::group::Pre task execution logs
[2024-11-11T16:04:27.174+0000] {taskinstance.py:2612} INFO - Dependencies all met for dep_context=non-requeueable deps ti=<TaskInstance: fetch_and_store_amazon_books.insert_book_data manual__2024-11-11T16:03:37.378542+00:00 [queued]>
[2024-11-11T16:04:27.198+0000] {taskinstance.py:2612} INFO - Dependencies all met for dep_context=requeueable deps ti=<TaskInstance: fetch_and_store_amazon_books.insert_book_data manual__2024-11-11T16:03:37.378542+00:00 [queued]>
[2024-11-11T16:04:27.199+0000] {taskinstance.py:2865} INFO - Starting attempt 1 of 2
[2024-11-11T16:04:27.236+0000] {taskinstance.py:2888} INFO - Executing <Task(PythonOperator): insert_book_data> on 2024-11-11 16:03:37.378542+00:00
[2024-11-11T16:04:27.254+0000] {warnings.py:112} WARNING - /home/***/.local/lib/python3.12/site-packages/***/task/task_runner/standard_task_runner.py:70: DeprecationWarning: This process (pid=530) is multi-threaded, use of fork() may lead to deadlocks in the child.
  pid = os.fork()

[2024-11-11T16:04:27.257+0000] {standard_task_runner.py:72} INFO - Started process 537 to run task
[2024-11-11T16:04:27.258+0000] {standard_task_runner.py:104} INFO - Running: ['***', 'tasks', 'run', 'fetch_and_store_amazon_books', 'insert_book_data', 'manual__2024-11-11T16:03:37.378542+00:00', '--job-id', '11', '--raw', '--subdir', 'DAGS_FOLDER/dag.py', '--cfg-path', '/tmp/tmp2hq8oo49']
[2024-11-11T16:04:27.261+0000] {standard_task_runner.py:105} INFO - Job 11: Subtask insert_book_data
[2024-11-11T16:04:27.375+0000] {task_command.py:467} INFO - Running <TaskInstance: fetch_and_store_amazon_books.insert_book_data manual__2024-11-11T16:03:37.378542+00:00 [running]> on host 827d93f9030f
[2024-11-11T16:04:27.745+0000] {taskinstance.py:3131} INFO - Exporting env vars: AIRFLOW_CTX_DAG_OWNER='***' AIRFLOW_CTX_DAG_ID='fetch_and_store_amazon_books' AIRFLOW_CTX_TASK_ID='insert_book_data' AIRFLOW_CTX_EXECUTION_DATE='2024-11-11T16:03:37.378542+00:00' AIRFLOW_CTX_TRY_NUMBER='1' AIRFLOW_CTX_DAG_RUN_ID='manual__2024-11-11T16:03:37.378542+00:00'
[2024-11-11T16:04:27.748+0000] {logging_mixin.py:190} INFO - Task instance is in running state
[2024-11-11T16:04:27.750+0000] {logging_mixin.py:190} INFO -  Previous state of the Task instance: queued
[2024-11-11T16:04:27.752+0000] {logging_mixin.py:190} INFO - Current task name:insert_book_data state:running start_date:2024-11-11 16:04:27.177494+00:00
[2024-11-11T16:04:27.756+0000] {logging_mixin.py:190} INFO - Dag name:fetch_and_store_amazon_books and current dag run status:running
[2024-11-11T16:04:27.757+0000] {taskinstance.py:731} INFO - ::endgroup::
[2024-11-11T16:04:27.801+0000] {base.py:84} INFO - Retrieving connection 'books_connection'
[2024-11-11T16:04:27.818+0000] {sql.py:509} INFO - Running statement: 
    INSERT INTO books (title, authors, price, rating)
    VALUES (%s, %s, %s, %s)
    , parameters: ('Data Engineering with AWS - Second Edition: Acquire the skills to design and build AWS-based data transformation pipelines like a pro', 'Gareth Eagar', '41.', '4.3 out of 5 stars')
[2024-11-11T16:04:27.822+0000] {sql.py:518} INFO - Rows affected: 1
[2024-11-11T16:04:27.852+0000] {base.py:84} INFO - Retrieving connection 'books_connection'
[2024-11-11T16:04:27.867+0000] {sql.py:509} INFO - Running statement: 
    INSERT INTO books (title, authors, price, rating)
    VALUES (%s, %s, %s, %s)
    , parameters: ('Data Engineering with Databricks Cookbook: Build effective data and AI solutions using Apache Spark, Databricks, and Delta Lake', 'Pulkit Chadha', '37.', '4.4 out of 5 stars')
[2024-11-11T16:04:27.871+0000] {sql.py:518} INFO - Rows affected: 1
[2024-11-11T16:04:27.926+0000] {base.py:84} INFO - Retrieving connection 'books_connection'
[2024-11-11T16:04:27.934+0000] {sql.py:509} INFO - Running statement: 
    INSERT INTO books (title, authors, price, rating)
    VALUES (%s, %s, %s, %s)
    , parameters: ('Next Generation Data Management: Using Your Data Assets to Drive Mission Success', 'Dr Mark Brady', '38.', '4.4 out of 5 stars')
[2024-11-11T16:04:27.944+0000] {sql.py:518} INFO - Rows affected: 1
[2024-11-11T16:04:27.978+0000] {base.py:84} INFO - Retrieving connection 'books_connection'
[2024-11-11T16:04:28.003+0000] {sql.py:509} INFO - Running statement: 
    INSERT INTO books (title, authors, price, rating)
    VALUES (%s, %s, %s, %s)
    , parameters: ('Data Engineering 101', 'Paperback', '22.', '3.9 out of 5 stars')
[2024-11-11T16:04:28.013+0000] {sql.py:518} INFO - Rows affected: 1
[2024-11-11T16:04:28.051+0000] {base.py:84} INFO - Retrieving connection 'books_connection'
[2024-11-11T16:04:28.068+0000] {sql.py:509} INFO - Running statement: 
    INSERT INTO books (title, authors, price, rating)
    VALUES (%s, %s, %s, %s)
    , parameters: ('Fundamentals of Data Engineering: Plan and Build Robust Data Systems', 'Joe Reis', '25.', '4.7 out of 5 stars')
[2024-11-11T16:04:28.072+0000] {sql.py:518} INFO - Rows affected: 1
[2024-11-11T16:04:28.093+0000] {base.py:84} INFO - Retrieving connection 'books_connection'
[2024-11-11T16:04:28.098+0000] {sql.py:509} INFO - Running statement: 
    INSERT INTO books (title, authors, price, rating)
    VALUES (%s, %s, %s, %s)
    , parameters: ('Data Engineering Best Practices: Architect robust and cost-effective data solutions in the cloud era', 'Richard J. Schiller', '49.', '5.0 out of 5 stars')
[2024-11-11T16:04:28.102+0000] {sql.py:518} INFO - Rows affected: 1
[2024-11-11T16:04:28.122+0000] {base.py:84} INFO - Retrieving connection 'books_connection'
[2024-11-11T16:04:28.130+0000] {sql.py:509} INFO - Running statement: 
    INSERT INTO books (title, authors, price, rating)
    VALUES (%s, %s, %s, %s)
    , parameters: ('Designing Data-Intensive Applications: The Big Ideas Behind Reliable, Scalable, and Maintainable Systems', 'Martin Kleppmann', '46.', '4.7 out of 5 stars')
[2024-11-11T16:04:28.133+0000] {sql.py:518} INFO - Rows affected: 1
[2024-11-11T16:04:28.150+0000] {base.py:84} INFO - Retrieving connection 'books_connection'
[2024-11-11T16:04:28.157+0000] {sql.py:509} INFO - Running statement: 
    INSERT INTO books (title, authors, price, rating)
    VALUES (%s, %s, %s, %s)
    , parameters: ('Data Engineering with dbt: A practical guide to building a cloud-based, pragmatic, and dependable data platform with SQL', 'Roberto Zagni', '37.', '4.6 out of 5 stars')
[2024-11-11T16:04:28.161+0000] {sql.py:518} INFO - Rows affected: 1
[2024-11-11T16:04:28.181+0000] {base.py:84} INFO - Retrieving connection 'books_connection'
[2024-11-11T16:04:28.188+0000] {sql.py:509} INFO - Running statement: 
    INSERT INTO books (title, authors, price, rating)
    VALUES (%s, %s, %s, %s)
    , parameters: ('Data Modeling with Snowflake: A practical guide to accelerating Snowflake development using universal data modeling techniques', 'Serge Gershkovich', '36.', '4.8 out of 5 stars')
[2024-11-11T16:04:28.192+0000] {sql.py:518} INFO - Rows affected: 1
[2024-11-11T16:04:28.206+0000] {base.py:84} INFO - Retrieving connection 'books_connection'
[2024-11-11T16:04:28.213+0000] {sql.py:509} INFO - Running statement: 
    INSERT INTO books (title, authors, price, rating)
    VALUES (%s, %s, %s, %s)
    , parameters: ('Fundamentals of Data Analytics: Learn Essential Skills, Embrace the Future, and Catapult Your Career in the Data-Driven World—A Comprehensive Guide to Data Literacy for Beginners', 'Russell Dawson', '17.', '4.7 out of 5 stars')
[2024-11-11T16:04:28.218+0000] {sql.py:518} INFO - Rows affected: 1
[2024-11-11T16:04:28.235+0000] {base.py:84} INFO - Retrieving connection 'books_connection'
[2024-11-11T16:04:28.243+0000] {sql.py:509} INFO - Running statement: 
    INSERT INTO books (title, authors, price, rating)
    VALUES (%s, %s, %s, %s)
    , parameters: ('Data Engineering with Python: Work with massive datasets to design data models and automate data pipelines using Python', 'Paul Crickard', '37.', '4.1 out of 5 stars')
[2024-11-11T16:04:28.246+0000] {sql.py:518} INFO - Rows affected: 1
[2024-11-11T16:04:28.262+0000] {base.py:84} INFO - Retrieving connection 'books_connection'
[2024-11-11T16:04:28.268+0000] {sql.py:509} INFO - Running statement: 
    INSERT INTO books (title, authors, price, rating)
    VALUES (%s, %s, %s, %s)
    , parameters: ('Data Pipelines Pocket Reference: Moving and Processing Data for Analytics', 'James Densmore', '17.', '4.5 out of 5 stars')
[2024-11-11T16:04:28.272+0000] {sql.py:518} INFO - Rows affected: 1
[2024-11-11T16:04:28.287+0000] {base.py:84} INFO - Retrieving connection 'books_connection'
[2024-11-11T16:04:28.294+0000] {sql.py:509} INFO - Running statement: 
    INSERT INTO books (title, authors, price, rating)
    VALUES (%s, %s, %s, %s)
    , parameters: ('Cracking the Data Engineering Interview: Land your dream job with the help of resume-building tips, over 100 mock questions, and a unique portfolio', 'Kedeisha Bryan', '26.', '4.4 out of 5 stars')
[2024-11-11T16:04:28.297+0000] {sql.py:518} INFO - Rows affected: 1
[2024-11-11T16:04:28.312+0000] {base.py:84} INFO - Retrieving connection 'books_connection'
[2024-11-11T16:04:28.318+0000] {sql.py:509} INFO - Running statement: 
    INSERT INTO books (title, authors, price, rating)
    VALUES (%s, %s, %s, %s)
    , parameters: ('Ace the Data Engineering Interview: Questions and Answers for Python, SQL, Data Modeling and More', 'Sean Coyne', '24.', '3.8 out of 5 stars')
[2024-11-11T16:04:28.321+0000] {sql.py:518} INFO - Rows affected: 1
[2024-11-11T16:04:28.335+0000] {base.py:84} INFO - Retrieving connection 'books_connection'
[2024-11-11T16:04:28.341+0000] {sql.py:509} INFO - Running statement: 
    INSERT INTO books (title, authors, price, rating)
    VALUES (%s, %s, %s, %s)
    , parameters: ('Azure Data Engineer Associate Certification Guide: Ace the DP-203 exam with advanced data engineering skills', 'Giacinto Palmieri', '37.', '4.3 out of 5 stars')
[2024-11-11T16:04:28.344+0000] {sql.py:518} INFO - Rows affected: 1
[2024-11-11T16:04:28.359+0000] {base.py:84} INFO - Retrieving connection 'books_connection'
[2024-11-11T16:04:28.365+0000] {sql.py:509} INFO - Running statement: 
    INSERT INTO books (title, authors, price, rating)
    VALUES (%s, %s, %s, %s)
    , parameters: ('Hands-On Data Engineering with R, Python and PostgreSQL', 'Michel Ballings', '74.', '5.0 out of 5 stars')
[2024-11-11T16:04:28.368+0000] {sql.py:518} INFO - Rows affected: 1
[2024-11-11T16:04:28.384+0000] {base.py:84} INFO - Retrieving connection 'books_connection'
[2024-11-11T16:04:28.391+0000] {sql.py:509} INFO - Running statement: 
    INSERT INTO books (title, authors, price, rating)
    VALUES (%s, %s, %s, %s)
    , parameters: ('Data Engineering with Apache Spark, Delta Lake, and Lakehouse: Create scalable pipelines that ingest, curate, and aggregate complex data in a timely and secure way', 'Manoj Kukreja', '46.', '3.9 out of 5 stars')
[2024-11-11T16:04:28.393+0000] {sql.py:518} INFO - Rows affected: 1
[2024-11-11T16:04:28.408+0000] {base.py:84} INFO - Retrieving connection 'books_connection'
[2024-11-11T16:04:28.415+0000] {sql.py:509} INFO - Running statement: 
    INSERT INTO books (title, authors, price, rating)
    VALUES (%s, %s, %s, %s)
    , parameters: ('Data Engineering with AWS: Learn how to design and build cloud-based data transformation pipelines using AWS', 'Gareth Eagar', '49.', '4.4 out of 5 stars')
[2024-11-11T16:04:28.418+0000] {sql.py:518} INFO - Rows affected: 1
[2024-11-11T16:04:28.437+0000] {base.py:84} INFO - Retrieving connection 'books_connection'
[2024-11-11T16:04:28.448+0000] {sql.py:509} INFO - Running statement: 
    INSERT INTO books (title, authors, price, rating)
    VALUES (%s, %s, %s, %s)
    , parameters: ('Essentials of Data Engineering', 'Dr. Mukesh Saini', '19.', '5.0 out of 5 stars')
[2024-11-11T16:04:28.451+0000] {sql.py:518} INFO - Rows affected: 1
[2024-11-11T16:04:28.466+0000] {base.py:84} INFO - Retrieving connection 'books_connection'
[2024-11-11T16:04:28.472+0000] {sql.py:509} INFO - Running statement: 
    INSERT INTO books (title, authors, price, rating)
    VALUES (%s, %s, %s, %s)
    , parameters: ('Software Engineering for Data Scientists: From Notebooks to Scalable Systems', 'Catherine Nelson', '45.', '4.2 out of 5 stars')
[2024-11-11T16:04:28.477+0000] {sql.py:518} INFO - Rows affected: 1
[2024-11-11T16:04:28.501+0000] {base.py:84} INFO - Retrieving connection 'books_connection'
[2024-11-11T16:04:28.508+0000] {sql.py:509} INFO - Running statement: 
    INSERT INTO books (title, authors, price, rating)
    VALUES (%s, %s, %s, %s)
    , parameters: ('Build a Career in Data Science', 'Emily Robinson', '35.', '4.6 out of 5 stars')
[2024-11-11T16:04:28.511+0000] {sql.py:518} INFO - Rows affected: 1
[2024-11-11T16:04:28.529+0000] {base.py:84} INFO - Retrieving connection 'books_connection'
[2024-11-11T16:04:28.535+0000] {sql.py:509} INFO - Running statement: 
    INSERT INTO books (title, authors, price, rating)
    VALUES (%s, %s, %s, %s)
    , parameters: ('Data Governance Handbook: A practical approach to building trust in data', 'Wendy S Batchelder', '37.', '5.0 out of 5 stars')
[2024-11-11T16:04:28.539+0000] {sql.py:518} INFO - Rows affected: 1
[2024-11-11T16:04:28.556+0000] {base.py:84} INFO - Retrieving connection 'books_connection'
[2024-11-11T16:04:28.564+0000] {sql.py:509} INFO - Running statement: 
    INSERT INTO books (title, authors, price, rating)
    VALUES (%s, %s, %s, %s)
    , parameters: ('Mastering Data Engineering and Analytics with Databricks: A Hands-on Guide to Build Scalable Pipelines Using Databricks, Delta Lake, and MLflow (English Edition)', 'Manoj Kumar', '44.', '3.0 out of 5 stars')
[2024-11-11T16:04:28.568+0000] {sql.py:518} INFO - Rows affected: 1
[2024-11-11T16:04:28.587+0000] {base.py:84} INFO - Retrieving connection 'books_connection'
[2024-11-11T16:04:28.596+0000] {sql.py:509} INFO - Running statement: 
    INSERT INTO books (title, authors, price, rating)
    VALUES (%s, %s, %s, %s)
    , parameters: ('Data Engineering with Python cookbook: Learn to build efficient data pipelines using the Modern Cloud Data Stack', 'Adithyan Ramanujakootam', '32.', '5.0 out of 5 stars')
[2024-11-11T16:04:28.599+0000] {sql.py:518} INFO - Rows affected: 1
[2024-11-11T16:04:28.615+0000] {base.py:84} INFO - Retrieving connection 'books_connection'
[2024-11-11T16:04:28.622+0000] {sql.py:509} INFO - Running statement: 
    INSERT INTO books (title, authors, price, rating)
    VALUES (%s, %s, %s, %s)
    , parameters: ('Data Engineering with Google Cloud Platform: A practical guide to operationalizing scalable data analytics systems on GCP', 'Adi Wijaya', '39.', '4.7 out of 5 stars')
[2024-11-11T16:04:28.626+0000] {sql.py:518} INFO - Rows affected: 1
[2024-11-11T16:04:28.640+0000] {base.py:84} INFO - Retrieving connection 'books_connection'
[2024-11-11T16:04:28.646+0000] {sql.py:509} INFO - Running statement: 
    INSERT INTO books (title, authors, price, rating)
    VALUES (%s, %s, %s, %s)
    , parameters: ('Data Engineering with Google Cloud Platform: A guide to leveling up as a data engineer by building a scalable data platform with Google Cloud', 'Adi Wijaya', '40.', '4.8 out of 5 stars')
[2024-11-11T16:04:28.649+0000] {sql.py:518} INFO - Rows affected: 1
[2024-11-11T16:04:28.668+0000] {base.py:84} INFO - Retrieving connection 'books_connection'
[2024-11-11T16:04:28.676+0000] {sql.py:509} INFO - Running statement: 
    INSERT INTO books (title, authors, price, rating)
    VALUES (%s, %s, %s, %s)
    , parameters: ('Data-Driven Science and Engineering: Machine Learning, Dynamical Systems, and Control', 'Steven L. Brunton', '61.', '4.7 out of 5 stars')
[2024-11-11T16:04:28.679+0000] {sql.py:518} INFO - Rows affected: 1
[2024-11-11T16:04:28.695+0000] {base.py:84} INFO - Retrieving connection 'books_connection'
[2024-11-11T16:04:28.701+0000] {sql.py:509} INFO - Running statement: 
    INSERT INTO books (title, authors, price, rating)
    VALUES (%s, %s, %s, %s)
    , parameters: ("Ultimate Data Engineering with Databricks: Develop Scalable Data Pipelines Using Data Engineering's Core Tenets Such as Delta Tables, Ingestion, ... Security, and Scalability (English Edition)", 'Mayank Malhotra', '37.', '4.1 out of 5 stars')
[2024-11-11T16:04:28.705+0000] {sql.py:518} INFO - Rows affected: 1
[2024-11-11T16:04:28.721+0000] {base.py:84} INFO - Retrieving connection 'books_connection'
[2024-11-11T16:04:28.729+0000] {sql.py:509} INFO - Running statement: 
    INSERT INTO books (title, authors, price, rating)
    VALUES (%s, %s, %s, %s)
    , parameters: ('DATA ENGINEERING AND AI FOR BEGINNERS: Revolutionizing Data Processing and Analytics by Leveraging Artificial Intelligence for Efficient Input Collection, Storage, and Transformation (World of AI)', 'Kindle', '0.', '4.3 out of 5 stars')
[2024-11-11T16:04:28.732+0000] {sql.py:518} INFO - Rows affected: 1
[2024-11-11T16:04:28.751+0000] {base.py:84} INFO - Retrieving connection 'books_connection'
[2024-11-11T16:04:28.759+0000] {sql.py:509} INFO - Running statement: 
    INSERT INTO books (title, authors, price, rating)
    VALUES (%s, %s, %s, %s)
    , parameters: ('The Data Engineering Handbook: We are Data Engineers, we make things happen, we pull rabbits out of hats, and transform raw, noisy data into gold.', 'Paperback', '9.', '5.0 out of 5 stars')
[2024-11-11T16:04:28.763+0000] {sql.py:518} INFO - Rows affected: 1
[2024-11-11T16:04:28.780+0000] {base.py:84} INFO - Retrieving connection 'books_connection'
[2024-11-11T16:04:28.786+0000] {sql.py:509} INFO - Running statement: 
    INSERT INTO books (title, authors, price, rating)
    VALUES (%s, %s, %s, %s)
    , parameters: ('97 Things Every Data Engineer Should Know: Collective Wisdom from the Experts', 'Audible Audiobook', '0.', '4.2 out of 5 stars')
[2024-11-11T16:04:28.790+0000] {sql.py:518} INFO - Rows affected: 1
[2024-11-11T16:04:28.808+0000] {base.py:84} INFO - Retrieving connection 'books_connection'
[2024-11-11T16:04:28.815+0000] {sql.py:509} INFO - Running statement: 
    INSERT INTO books (title, authors, price, rating)
    VALUES (%s, %s, %s, %s)
    , parameters: ('Machine Learning Engineering', 'Andriy Burkov', '39.', '4.7 out of 5 stars')
[2024-11-11T16:04:28.818+0000] {sql.py:518} INFO - Rows affected: 1
[2024-11-11T16:04:28.835+0000] {base.py:84} INFO - Retrieving connection 'books_connection'
[2024-11-11T16:04:28.844+0000] {sql.py:509} INFO - Running statement: 
    INSERT INTO books (title, authors, price, rating)
    VALUES (%s, %s, %s, %s)
    , parameters: ('Prompt Engineering for Generative AI: Future-Proof Inputs for Reliable AI Outputs', 'James Phoenix', '53.', '4.5 out of 5 stars')
[2024-11-11T16:04:28.847+0000] {sql.py:518} INFO - Rows affected: 1
[2024-11-11T16:04:28.867+0000] {base.py:84} INFO - Retrieving connection 'books_connection'
[2024-11-11T16:04:28.875+0000] {sql.py:509} INFO - Running statement: 
    INSERT INTO books (title, authors, price, rating)
    VALUES (%s, %s, %s, %s)
    , parameters: ('Python Data Engineering Resources: Forge Your Path to Success in Data Engineering, Machine Learning and AI', 'Vajo Lukic', '0.', '4.9 out of 5 stars')
[2024-11-11T16:04:28.878+0000] {sql.py:518} INFO - Rows affected: 1
[2024-11-11T16:04:28.897+0000] {base.py:84} INFO - Retrieving connection 'books_connection'
[2024-11-11T16:04:28.905+0000] {sql.py:509} INFO - Running statement: 
    INSERT INTO books (title, authors, price, rating)
    VALUES (%s, %s, %s, %s)
    , parameters: ('Fundamentals of Data Visualization: A Primer on Making Informative and Compelling Figures', 'Claus O. Wilke', '49.', '4.6 out of 5 stars')
[2024-11-11T16:04:28.909+0000] {sql.py:518} INFO - Rows affected: 1
[2024-11-11T16:04:28.929+0000] {base.py:84} INFO - Retrieving connection 'books_connection'
[2024-11-11T16:04:28.939+0000] {sql.py:509} INFO - Running statement: 
    INSERT INTO books (title, authors, price, rating)
    VALUES (%s, %s, %s, %s)
    , parameters: ('Data Mesh: Delivering Data-Driven Value at Scale', 'Audible Audiobook', '0.', '4.5 out of 5 stars')
[2024-11-11T16:04:28.944+0000] {sql.py:518} INFO - Rows affected: 1
[2024-11-11T16:04:28.960+0000] {base.py:84} INFO - Retrieving connection 'books_connection'
[2024-11-11T16:04:28.967+0000] {sql.py:509} INFO - Running statement: 
    INSERT INTO books (title, authors, price, rating)
    VALUES (%s, %s, %s, %s)
    , parameters: ('Official Google Cloud Certified Professional Data Engineer Study Guide', 'Dan Sullivan', '33.', '4.5 out of 5 stars')
[2024-11-11T16:04:28.970+0000] {sql.py:518} INFO - Rows affected: 1
[2024-11-11T16:04:28.987+0000] {base.py:84} INFO - Retrieving connection 'books_connection'
[2024-11-11T16:04:28.995+0000] {sql.py:509} INFO - Running statement: 
    INSERT INTO books (title, authors, price, rating)
    VALUES (%s, %s, %s, %s)
    , parameters: ('Analytics Engineering with SQL and dbt: Building Meaningful Data Models at Scale', 'Rui Pedro Machado', '41.', '3.9 out of 5 stars')
[2024-11-11T16:04:28.998+0000] {sql.py:518} INFO - Rows affected: 1
[2024-11-11T16:04:29.016+0000] {base.py:84} INFO - Retrieving connection 'books_connection'
[2024-11-11T16:04:29.021+0000] {sql.py:509} INFO - Running statement: 
    INSERT INTO books (title, authors, price, rating)
    VALUES (%s, %s, %s, %s)
    , parameters: ('Data Engineering with Alteryx: Helping data engineers apply DataOps practices with Alteryx', 'Paul Houghton', '44.', '4.3 out of 5 stars')
[2024-11-11T16:04:29.025+0000] {sql.py:518} INFO - Rows affected: 1
[2024-11-11T16:04:29.038+0000] {base.py:84} INFO - Retrieving connection 'books_connection'
[2024-11-11T16:04:29.045+0000] {sql.py:509} INFO - Running statement: 
    INSERT INTO books (title, authors, price, rating)
    VALUES (%s, %s, %s, %s)
    , parameters: ('Data Engineering with Databricks', 'Kindle', '0.', '3.4 out of 5 stars')
[2024-11-11T16:04:29.047+0000] {sql.py:518} INFO - Rows affected: 1
[2024-11-11T16:04:29.064+0000] {base.py:84} INFO - Retrieving connection 'books_connection'
[2024-11-11T16:04:29.070+0000] {sql.py:509} INFO - Running statement: 
    INSERT INTO books (title, authors, price, rating)
    VALUES (%s, %s, %s, %s)
    , parameters: ('Data Privacy: A runbook for engineers', 'Nishant Bhajaria', '35.', '4.8 out of 5 stars')
[2024-11-11T16:04:29.072+0000] {sql.py:518} INFO - Rows affected: 1
[2024-11-11T16:04:29.088+0000] {base.py:84} INFO - Retrieving connection 'books_connection'
[2024-11-11T16:04:29.095+0000] {sql.py:509} INFO - Running statement: 
    INSERT INTO books (title, authors, price, rating)
    VALUES (%s, %s, %s, %s)
    , parameters: ('Data Science on AWS: Implementing End-to-End, Continuous AI and Machine Learning Pipelines', 'Chris Fregly', '27.', '4.4 out of 5 stars')
[2024-11-11T16:04:29.098+0000] {sql.py:518} INFO - Rows affected: 1
[2024-11-11T16:04:29.111+0000] {base.py:84} INFO - Retrieving connection 'books_connection'
[2024-11-11T16:04:29.116+0000] {sql.py:509} INFO - Running statement: 
    INSERT INTO books (title, authors, price, rating)
    VALUES (%s, %s, %s, %s)
    , parameters: ('Invisible Women: Data Bias in a World Designed for Men', 'Caroline Criado Perez', '15.', '4.6 out of 5 stars')
[2024-11-11T16:04:29.119+0000] {sql.py:518} INFO - Rows affected: 1
[2024-11-11T16:04:29.133+0000] {base.py:84} INFO - Retrieving connection 'books_connection'
[2024-11-11T16:04:29.139+0000] {sql.py:509} INFO - Running statement: 
    INSERT INTO books (title, authors, price, rating)
    VALUES (%s, %s, %s, %s)
    , parameters: ('GOOGLE CLOUD PROFESSIONAL DATA ENGINEER CERTIFICATION | MASTER THE EXAM: 10 PRACTICE TESTS, 500 RIGOROUS QUESTIONS, GAIN WEALTH OF INSIGHTS, EXPERT EXPLANATIONS AND ONE ULTIMATE GOAL', 'Mr Anand M', '29.', '5.0 out of 5 stars')
[2024-11-11T16:04:29.143+0000] {sql.py:518} INFO - Rows affected: 1
[2024-11-11T16:04:29.157+0000] {base.py:84} INFO - Retrieving connection 'books_connection'
[2024-11-11T16:04:29.164+0000] {sql.py:509} INFO - Running statement: 
    INSERT INTO books (title, authors, price, rating)
    VALUES (%s, %s, %s, %s)
    , parameters: ("Azure Data Factory Cookbook: A data engineer's guide to building and managing ETL and ELT pipelines with data integration", 'Dmitry Foshin', '51.', '4.1 out of 5 stars')
[2024-11-11T16:04:29.166+0000] {sql.py:518} INFO - Rows affected: 1
[2024-11-11T16:04:29.182+0000] {base.py:84} INFO - Retrieving connection 'books_connection'
[2024-11-11T16:04:29.189+0000] {sql.py:509} INFO - Running statement: 
    INSERT INTO books (title, authors, price, rating)
    VALUES (%s, %s, %s, %s)
    , parameters: ('Mastering AWS Data Engineering: A Step-by-Step Guide', 'Paperback', '12.', '5.0 out of 5 stars')
[2024-11-11T16:04:29.192+0000] {sql.py:518} INFO - Rows affected: 1
[2024-11-11T16:04:29.209+0000] {base.py:84} INFO - Retrieving connection 'books_connection'
[2024-11-11T16:04:29.216+0000] {sql.py:509} INFO - Running statement: 
    INSERT INTO books (title, authors, price, rating)
    VALUES (%s, %s, %s, %s)
    , parameters: ('Modeling and Simulation in Python: An Introduction for Scientists and Engineers', 'Allen B. Downey', '32.', '4.5 out of 5 stars')
[2024-11-11T16:04:29.219+0000] {sql.py:518} INFO - Rows affected: 1
[2024-11-11T16:04:29.237+0000] {base.py:84} INFO - Retrieving connection 'books_connection'
[2024-11-11T16:04:29.246+0000] {sql.py:509} INFO - Running statement: 
    INSERT INTO books (title, authors, price, rating)
    VALUES (%s, %s, %s, %s)
    , parameters: ('Data Management at Scale: Modern Data Architecture with Data Mesh and Data Fabric', 'Piethein Strengholt', '47.', '4.4 out of 5 stars')
[2024-11-11T16:04:29.249+0000] {sql.py:518} INFO - Rows affected: 1
[2024-11-11T16:04:29.267+0000] {base.py:84} INFO - Retrieving connection 'books_connection'
[2024-11-11T16:04:29.275+0000] {sql.py:509} INFO - Running statement: 
    INSERT INTO books (title, authors, price, rating)
    VALUES (%s, %s, %s, %s)
    , parameters: ('Data Engineering with Scala and Spark: A practical guide helping you build streaming and batch pipelines that process massive amounts of data using Scala', 'Eric Tome', '36.', '4.1 out of 5 stars')
[2024-11-11T16:04:29.278+0000] {sql.py:518} INFO - Rows affected: 1
[2024-11-11T16:04:29.294+0000] {base.py:84} INFO - Retrieving connection 'books_connection'
[2024-11-11T16:04:29.300+0000] {sql.py:509} INFO - Running statement: 
    INSERT INTO books (title, authors, price, rating)
    VALUES (%s, %s, %s, %s)
    , parameters: ('Fundamentals of Analytics Engineering: An introduction to building end-to-end analytics solutions', 'Dumky De Wilde', '27.', '3.9 out of 5 stars')
[2024-11-11T16:04:29.302+0000] {sql.py:518} INFO - Rows affected: 1
[2024-11-11T16:04:29.310+0000] {python.py:240} INFO - Done. Returned value was: None
[2024-11-11T16:04:29.326+0000] {taskinstance.py:340} INFO - ::group::Post task execution logs
[2024-11-11T16:04:29.327+0000] {taskinstance.py:352} INFO - Marking task as SUCCESS. dag_id=fetch_and_store_amazon_books, task_id=insert_book_data, run_id=manual__2024-11-11T16:03:37.378542+00:00, execution_date=20241111T160337, start_date=20241111T160427, end_date=20241111T160429
[2024-11-11T16:04:29.346+0000] {logging_mixin.py:190} INFO - Task instance in success state
[2024-11-11T16:04:29.347+0000] {logging_mixin.py:190} INFO -  Previous state of the Task instance: running
[2024-11-11T16:04:29.348+0000] {logging_mixin.py:190} INFO - Dag name:fetch_and_store_amazon_books queued_at:2024-11-11 16:03:37.514482+00:00
[2024-11-11T16:04:29.349+0000] {logging_mixin.py:190} INFO - Task hostname:827d93f9030f operator:PythonOperator
[2024-11-11T16:04:29.375+0000] {local_task_job_runner.py:266} INFO - Task exited with return code 0
[2024-11-11T16:04:29.398+0000] {taskinstance.py:3900} INFO - 0 downstream tasks scheduled from follow-on schedule check
[2024-11-11T16:04:29.403+0000] {local_task_job_runner.py:245} INFO - ::endgroup::
