[2024-11-11T16:04:09.398+0000] {local_task_job_runner.py:123} INFO - ::group::Pre task execution logs
[2024-11-11T16:04:09.434+0000] {taskinstance.py:2612} INFO - Dependencies all met for dep_context=non-requeueable deps ti=<TaskInstance: fetch_and_store_amazon_books.fetch_book_data scheduled__2024-11-10T00:00:00+00:00 [queued]>
[2024-11-11T16:04:09.454+0000] {taskinstance.py:2612} INFO - Dependencies all met for dep_context=requeueable deps ti=<TaskInstance: fetch_and_store_amazon_books.fetch_book_data scheduled__2024-11-10T00:00:00+00:00 [queued]>
[2024-11-11T16:04:09.455+0000] {taskinstance.py:2865} INFO - Starting attempt 1 of 2
[2024-11-11T16:04:09.485+0000] {taskinstance.py:2888} INFO - Executing <Task(PythonOperator): fetch_book_data> on 2024-11-10 00:00:00+00:00
[2024-11-11T16:04:09.512+0000] {warnings.py:112} WARNING - /home/***/.local/lib/python3.12/site-packages/***/task/task_runner/standard_task_runner.py:70: DeprecationWarning: This process (pid=495) is multi-threaded, use of fork() may lead to deadlocks in the child.
  pid = os.fork()

[2024-11-11T16:04:09.526+0000] {standard_task_runner.py:72} INFO - Started process 501 to run task
[2024-11-11T16:04:09.525+0000] {standard_task_runner.py:104} INFO - Running: ['***', 'tasks', 'run', 'fetch_and_store_amazon_books', 'fetch_book_data', 'scheduled__2024-11-10T00:00:00+00:00', '--job-id', '3', '--raw', '--subdir', 'DAGS_FOLDER/dag.py', '--cfg-path', '/tmp/tmpuro1o7i2']
[2024-11-11T16:04:09.529+0000] {standard_task_runner.py:105} INFO - Job 3: Subtask fetch_book_data
[2024-11-11T16:04:09.809+0000] {task_command.py:467} INFO - Running <TaskInstance: fetch_and_store_amazon_books.fetch_book_data scheduled__2024-11-10T00:00:00+00:00 [running]> on host 827d93f9030f
[2024-11-11T16:04:10.141+0000] {taskinstance.py:3131} INFO - Exporting env vars: AIRFLOW_CTX_DAG_OWNER='***' AIRFLOW_CTX_DAG_ID='fetch_and_store_amazon_books' AIRFLOW_CTX_TASK_ID='fetch_book_data' AIRFLOW_CTX_EXECUTION_DATE='2024-11-10T00:00:00+00:00' AIRFLOW_CTX_TRY_NUMBER='1' AIRFLOW_CTX_DAG_RUN_ID='scheduled__2024-11-10T00:00:00+00:00'
[2024-11-11T16:04:10.152+0000] {logging_mixin.py:190} INFO - Task instance is in running state
[2024-11-11T16:04:10.153+0000] {logging_mixin.py:190} INFO -  Previous state of the Task instance: queued
[2024-11-11T16:04:10.155+0000] {logging_mixin.py:190} INFO - Current task name:fetch_book_data state:running start_date:2024-11-11 16:04:09.435362+00:00
[2024-11-11T16:04:10.156+0000] {logging_mixin.py:190} INFO - Dag name:fetch_and_store_amazon_books and current dag run status:running
[2024-11-11T16:04:10.158+0000] {taskinstance.py:731} INFO - ::endgroup::
[2024-11-11T16:04:16.790+0000] {python.py:240} INFO - Done. Returned value was: None
[2024-11-11T16:04:16.827+0000] {taskinstance.py:340} INFO - ::group::Post task execution logs
[2024-11-11T16:04:16.829+0000] {taskinstance.py:352} INFO - Marking task as SUCCESS. dag_id=fetch_and_store_amazon_books, task_id=fetch_book_data, run_id=scheduled__2024-11-10T00:00:00+00:00, execution_date=20241110T000000, start_date=20241111T160409, end_date=20241111T160416
[2024-11-11T16:04:16.862+0000] {logging_mixin.py:190} INFO - Task instance in success state
[2024-11-11T16:04:16.863+0000] {logging_mixin.py:190} INFO -  Previous state of the Task instance: running
[2024-11-11T16:04:16.864+0000] {logging_mixin.py:190} INFO - Dag name:fetch_and_store_amazon_books queued_at:2024-11-11 16:03:43.530769+00:00
[2024-11-11T16:04:16.865+0000] {logging_mixin.py:190} INFO - Task hostname:827d93f9030f operator:PythonOperator
[2024-11-11T16:04:16.955+0000] {local_task_job_runner.py:266} INFO - Task exited with return code 0
[2024-11-11T16:04:17.010+0000] {warnings.py:112} WARNING - /home/***/.local/lib/python3.12/site-packages/***/models/baseoperator.py:1378: AirflowProviderDeprecationWarning: Call to deprecated class PostgresOperator. (Please use `***.providers.common.sql.operators.sql.SQLExecuteQueryOperator`.Also, you can provide `hook_params={'schema': <database>}`.)
  result = cls.__new__(cls)

[2024-11-11T16:04:17.060+0000] {taskinstance.py:3900} INFO - 1 downstream tasks scheduled from follow-on schedule check
[2024-11-11T16:04:17.067+0000] {local_task_job_runner.py:245} INFO - ::endgroup::
